#
# There is insufficient memory for the Java Runtime Environment to continue.
# Native memory allocation (malloc) failed to allocate 208496 bytes for Chunk::new
# Possible reasons:
#   The system is out of physical RAM or swap space
#   The process is running with CompressedOops enabled, and the Java Heap may be blocking the growth of the native heap
# Possible solutions:
#   Reduce memory load on the system
#   Increase physical memory or swap space
#   Check if swap backing store is full
#   Decrease Java heap size (-Xmx/-Xms)
#   Decrease number of Java threads
#   Decrease Java thread stack sizes (-Xss)
#   Set larger code cache with -XX:ReservedCodeCacheSize=
#   JVM is running with Unscaled Compressed Oops mode in which the Java heap is
#     placed in the first 4GB address space. The Java Heap base address is the
#     maximum limit for the native heap growth. Please use -XX:HeapBaseMinAddress
#     to set the Java Heap base and to place the Java Heap above 4GB virtual address.
# This output file may be truncated or incomplete.
#
#  Out of Memory Error (arena.cpp:189), pid=41004, tid=19084
#
# JRE version: OpenJDK Runtime Environment Temurin-17.0.6+10 (17.0.6+10) (build 17.0.6+10)
# Java VM: OpenJDK 64-Bit Server VM Temurin-17.0.6+10 (17.0.6+10, mixed mode, tiered, compressed oops, compressed class ptrs, parallel gc, windows-amd64)
# No core dump will be written. Minidumps are not enabled by default on client versions of Windows
#

---------------  S U M M A R Y ------------

Command Line: --add-modules=ALL-SYSTEM --add-opens=java.base/java.util=ALL-UNNAMED --add-opens=java.base/java.lang=ALL-UNNAMED --add-opens=java.base/sun.nio.fs=ALL-UNNAMED -Declipse.application=org.eclipse.jdt.ls.core.id1 -Dosgi.bundles.defaultStartLevel=4 -Declipse.product=org.eclipse.jdt.ls.core.product -Djava.import.generatesMetadataFilesAtProjectRoot=false -Dfile.encoding=utf8 -XX:+UseParallelGC -XX:GCTimeRatio=4 -XX:AdaptiveSizePolicyWeight=90 -Dsun.zip.disableMemoryMapping=true -Xmx1G -Xms100m -Xlog:disable -javaagent:c:\Users\kalle\.vscode\extensions\redhat.java-1.16.0-win32-x64\lombok\lombok-1.18.24.jar -XX:+HeapDumpOnOutOfMemoryError -XX:HeapDumpPath=c:\Users\kalle\AppData\Roaming\Code\User\workspaceStorage\fac338509ed89eeb150c1af0c3900477\redhat.java c:\Users\kalle\.vscode\extensions\redhat.java-1.16.0-win32-x64\server\plugins\org.eclipse.equinox.launcher_1.6.400.v20210924-0641.jar -configuration c:\Users\kalle\AppData\Roaming\Code\User\globalStorage\redhat.java\1.16.0\config_win -data c:\Users\kalle\AppData\Roaming\Code\User\workspaceStorage\fac338509ed89eeb150c1af0c3900477\redhat.java\jdt_ws

Host: 11th Gen Intel(R) Core(TM) i7-1165G7 @ 2.80GHz, 8 cores, 15G,  Windows 11 , 64 bit Build 22621 (10.0.22621.1344)
Time: Sun Apr  9 14:29:55 2023 Central Daylight Time elapsed time: 3.718226 seconds (0d 0h 0m 3s)

---------------  T H R E A D  ---------------

Current thread (0x0000025a82025e70):  JavaThread "C2 CompilerThread1" daemon [_thread_in_native, id=19084, stack(0x0000006ed6c00000,0x0000006ed6d00000)]


Current CompileTask:
C2:   3718 2445       4       java.lang.String::<init> (828 bytes)

Stack: [0x0000006ed6c00000,0x0000006ed6d00000]
Native frames: (J=compiled Java code, j=interpreted, Vv=VM code, C=native code)
V  [jvm.dll+0x67741a]
V  [jvm.dll+0x834434]
V  [jvm.dll+0x835bde]
V  [jvm.dll+0x836243]
V  [jvm.dll+0x2457b5]
V  [jvm.dll+0xabafc]
V  [jvm.dll+0xac0cc]
V  [jvm.dll+0x2ac94f]
V  [jvm.dll+0x57de47]
V  [jvm.dll+0x220812]
V  [jvm.dll+0x21a1e4]
V  [jvm.dll+0x21790b]
V  [jvm.dll+0x1a3d0d]
V  [jvm.dll+0x22742a]
V  [jvm.dll+0x225565]
V  [jvm.dll+0x7ea2cb]
V  [jvm.dll+0x7e483a]
V  [jvm.dll+0x6762c5]
C  [ucrtbase.dll+0x29363]
C  [KERNEL32.DLL+0x126bd]
C  [ntdll.dll+0x5a9f8]


---------------  P R O C E S S  ---------------

Threads class SMR info:
_java_thread_list=0x0000025a83538e80, length=21, elements={
0x0000025ae94cfea0, 0x0000025a80e05020, 0x0000025a80e078a0, 0x0000025a80e35330,
0x0000025a80e37c00, 0x0000025a80e3a490, 0x0000025a80e3be00, 0x0000025a80e40830,
0x0000025a80e43e90, 0x0000025a80e45800, 0x0000025a80ef9b50, 0x0000025a811552a0,
0x0000025a8220d050, 0x0000025a83236ae0, 0x0000025a8346d000, 0x0000025a83435930,
0x0000025a83299530, 0x0000025a833af080, 0x0000025a8362dc70, 0x0000025a8362ac50,
0x0000025a82025e70
}

Java Threads: ( => current thread )
  0x0000025ae94cfea0 JavaThread "main" [_thread_blocked, id=39816, stack(0x0000006ed5000000,0x0000006ed5100000)]
  0x0000025a80e05020 JavaThread "Reference Handler" daemon [_thread_blocked, id=44388, stack(0x0000006ed5300000,0x0000006ed5400000)]
  0x0000025a80e078a0 JavaThread "Finalizer" daemon [_thread_blocked, id=48352, stack(0x0000006ed5400000,0x0000006ed5500000)]
  0x0000025a80e35330 JavaThread "Signal Dispatcher" daemon [_thread_blocked, id=22852, stack(0x0000006ed5600000,0x0000006ed5700000)]
  0x0000025a80e37c00 JavaThread "Attach Listener" daemon [_thread_blocked, id=36592, stack(0x0000006ed5700000,0x0000006ed5800000)]
  0x0000025a80e3a490 JavaThread "Service Thread" daemon [_thread_blocked, id=24072, stack(0x0000006ed5800000,0x0000006ed5900000)]
  0x0000025a80e3be00 JavaThread "Monitor Deflation Thread" daemon [_thread_blocked, id=37348, stack(0x0000006ed5900000,0x0000006ed5a00000)]
  0x0000025a80e40830 JavaThread "C2 CompilerThread0" daemon [_thread_in_native, id=34540, stack(0x0000006ed5a00000,0x0000006ed5b00000)]
  0x0000025a80e43e90 JavaThread "C1 CompilerThread0" daemon [_thread_blocked, id=18248, stack(0x0000006ed5b00000,0x0000006ed5c00000)]
  0x0000025a80e45800 JavaThread "Sweeper thread" daemon [_thread_blocked, id=19516, stack(0x0000006ed5c00000,0x0000006ed5d00000)]
  0x0000025a80ef9b50 JavaThread "Common-Cleaner" daemon [_thread_blocked, id=33836, stack(0x0000006ed5d00000,0x0000006ed5e00000)]
  0x0000025a811552a0 JavaThread "Notification Thread" daemon [_thread_blocked, id=37564, stack(0x0000006ed5f00000,0x0000006ed6000000)]
  0x0000025a8220d050 JavaThread "Active Thread: Equinox Container: 939496eb-0895-45a7-a7f1-3a1f35afd7fa" [_thread_blocked, id=59640, stack(0x0000006ed6800000,0x0000006ed6900000)]
  0x0000025a83236ae0 JavaThread "Framework Event Dispatcher: Equinox Container: 939496eb-0895-45a7-a7f1-3a1f35afd7fa" daemon [_thread_blocked, id=44500, stack(0x0000006ed6900000,0x0000006ed6a00000)]
  0x0000025a8346d000 JavaThread "Start Level: Equinox Container: 939496eb-0895-45a7-a7f1-3a1f35afd7fa" daemon [_thread_in_Java, id=42344, stack(0x0000006ed6a00000,0x0000006ed6b00000)]
  0x0000025a83435930 JavaThread "SCR Component Actor" daemon [_thread_blocked, id=41792, stack(0x0000006ed6b00000,0x0000006ed6c00000)]
  0x0000025a83299530 JavaThread "SCR Component Registry" daemon [_thread_blocked, id=59540, stack(0x0000006ed6700000,0x0000006ed6800000)]
  0x0000025a833af080 JavaThread "Worker-JM" [_thread_blocked, id=36364, stack(0x0000006ed6d00000,0x0000006ed6e00000)]
  0x0000025a8362dc70 JavaThread "Worker-0: Checking project encoding" [_thread_blocked, id=19424, stack(0x0000006ed6e00000,0x0000006ed6f00000)]
  0x0000025a8362ac50 JavaThread "Worker-1" [_thread_blocked, id=61092, stack(0x0000006ed6f00000,0x0000006ed7000000)]
=>0x0000025a82025e70 JavaThread "C2 CompilerThread1" daemon [_thread_in_native, id=19084, stack(0x0000006ed6c00000,0x0000006ed6d00000)]

Other Threads:
  0x0000025ae957ebf0 VMThread "VM Thread" [stack: 0x0000006ed5200000,0x0000006ed5300000] [id=36716]
  0x0000025a81171ed0 WatcherThread [stack: 0x0000006ed6000000,0x0000006ed6100000] [id=54332]
  0x0000025ae94e6a00 GCTaskThread "GC Thread#0" [stack: 0x0000006ed5100000,0x0000006ed5200000] [id=4964]
  0x0000025a82045b20 GCTaskThread "GC Thread#1" [stack: 0x0000006ed6100000,0x0000006ed6200000] [id=22340]
  0x0000025a83107a90 GCTaskThread "GC Thread#2" [stack: 0x0000006ed6200000,0x0000006ed6300000] [id=19232]
  0x0000025a83103f10 GCTaskThread "GC Thread#3" [stack: 0x0000006ed6300000,0x0000006ed6400000] [id=52652]
  0x0000025a831041c0 GCTaskThread "GC Thread#4" [stack: 0x0000006ed6400000,0x0000006ed6500000] [id=45792]
  0x0000025a831cb850 GCTaskThread "GC Thread#5" [stack: 0x0000006ed6500000,0x0000006ed6600000] [id=10256]
  0x0000025a831cbb00 GCTaskThread "GC Thread#6" [stack: 0x0000006ed6600000,0x0000006ed6700000] [id=2236]
  0x0000025a83278fe0 GCTaskThread "GC Thread#7" [stack: 0x0000006ed5e00000,0x0000006ed5f00000] [id=41436]

Threads with active compile tasks:
C2 CompilerThread0     3737 2441       4       java.io.WinNTFileSystem::normalize (143 bytes)
C2 CompilerThread1     3737 2445       4       java.lang.String::<init> (828 bytes)

VM state: not at safepoint (normal execution)

VM Mutex/Monitor currently owned by a thread: None

Heap address: 0x00000000c0000000, size: 1024 MB, Compressed Oops mode: 32-bit

CDS archive(s) not mapped
Compressed class space mapped at: 0x0000000100000000-0x0000000140000000, reserved size: 1073741824
Narrow klass base: 0x0000000000000000, Narrow klass shift: 3, Narrow klass range: 0x140000000

GC Precious Log:
 CPUs: 8 total, 8 available
 Memory: 16051M
 Large Page Support: Disabled
 NUMA Support: Disabled
 Compressed Oops: Enabled (32-bit)
 Alignments: Space 512K, Generation 512K, Heap 2M
 Heap Min Capacity: 100M
 Heap Initial Capacity: 100M
 Heap Max Capacity: 1G
 Pre-touch: Disabled
 Parallel Workers: 8

Heap:
 PSYoungGen      total 29696K, used 12420K [0x00000000eab00000, 0x00000000ecc00000, 0x0000000100000000)
  eden space 25600K, 49% used [0x00000000eab00000,0x00000000eb741158,0x00000000ec400000)
  from space 4096K, 0% used [0x00000000ec800000,0x00000000ec800000,0x00000000ecc00000)
  to   space 4096K, 0% used [0x00000000ec400000,0x00000000ec400000,0x00000000ec800000)
 ParOldGen       total 68608K, used 8212K [0x00000000c0000000, 0x00000000c4300000, 0x00000000eab00000)
  object space 68608K, 11% used [0x00000000c0000000,0x00000000c0805178,0x00000000c4300000)
 Metaspace       used 22267K, committed 22720K, reserved 1073152K
  class space    used 2279K, committed 2496K, reserved 1048576K

Card table byte_map: [0x0000025afcb00000,0x0000025afcd10000] _byte_map_base: 0x0000025afc500000

Marking Bits: (ParMarkBitMap*) 0x00007fff01043e70
 Begin Bits: [0x0000025afce70000, 0x0000025afde70000)
 End Bits:   [0x0000025afde70000, 0x0000025afee70000)

Polling page: 0x0000025ae9580000

Metaspace:

Usage:
  Non-class:     19.52 MB used.
      Class:      2.23 MB used.
       Both:     21.75 MB used.

Virtual space:
  Non-class space:       24.00 MB reserved,      19.75 MB ( 82%) committed,  3 nodes.
      Class space:        1.00 GB reserved,       2.44 MB ( <1%) committed,  1 nodes.
             Both:        1.02 GB reserved,      22.19 MB (  2%) committed. 

Chunk freelists:
   Non-Class:  0 bytes
       Class:  1.57 MB
        Both:  1.57 MB

MaxMetaspaceSize: unlimited
CompressedClassSpaceSize: 1.00 GB
Initial GC threshold: 21.00 MB
Current GC threshold: 35.00 MB
CDS: off
MetaspaceReclaimPolicy: balanced
 - commit_granule_bytes: 65536.
 - commit_granule_words: 8192.
 - virtual_space_node_default_size: 1048576.
 - enlarge_chunks_in_place: 1.
 - new_chunks_are_fully_committed: 0.
 - uncommit_free_chunks: 1.
 - use_allocation_guard: 0.
 - handle_deallocations: 1.


Internal statistics:

num_allocs_failed_limit: 3.
num_arena_births: 212.
num_arena_deaths: 14.
num_vsnodes_births: 4.
num_vsnodes_deaths: 0.
num_space_committed: 355.
num_space_uncommitted: 0.
num_chunks_returned_to_freelist: 17.
num_chunks_taken_from_freelist: 750.
num_chunk_merges: 7.
num_chunk_splits: 495.
num_chunks_enlarged: 346.
num_purges: 2.
num_inconsistent_stats: 0.

CodeHeap 'non-profiled nmethods': size=120000Kb used=951Kb max_used=951Kb free=119048Kb
 bounds [0x0000025af53f0000, 0x0000025af5660000, 0x0000025afc920000]
CodeHeap 'profiled nmethods': size=120000Kb used=4901Kb max_used=4901Kb free=115099Kb
 bounds [0x0000025aed920000, 0x0000025aeddf0000, 0x0000025af4e50000]
CodeHeap 'non-nmethods': size=5760Kb used=1205Kb max_used=1224Kb free=4554Kb
 bounds [0x0000025af4e50000, 0x0000025af50c0000, 0x0000025af53f0000]
 total_blobs=2956 nmethods=2462 adapters=408
 compilation: enabled
              stopped_count=0, restarted_count=0
 full_count=0

Compilation events (20 events):
Event: 3.671 Thread 0x0000025a80e43e90 2440       3       java.lang.reflect.Field::<init> (50 bytes)
Event: 3.672 Thread 0x0000025a80e43e90 nmethod 2440 0x0000025aedde0690 code [0x0000025aedde0840, 0x0000025aedde0a98]
Event: 3.674 Thread 0x0000025a80e40830 2441       4       java.io.WinNTFileSystem::normalize (143 bytes)
Event: 3.678 Thread 0x0000025a80e43e90 2442 %     3       java.util.jar.JarFile::match @ 14 (132 bytes)
Event: 3.678 Thread 0x0000025a80e43e90 nmethod 2442% 0x0000025aedde0b90 code [0x0000025aedde0d80, 0x0000025aedde13b8]
Event: 3.680 Thread 0x0000025a80e43e90 2443       3       java.util.jar.Manifest$FastInputStream::peek (38 bytes)
Event: 3.680 Thread 0x0000025a80e43e90 nmethod 2443 0x0000025aedde1710 code [0x0000025aedde18c0, 0x0000025aedde1ae8]
Event: 3.699 Thread 0x0000025a80e43e90 2446       3       sun.security.util.DerValue::toByteArray (91 bytes)
Event: 3.700 Thread 0x0000025a80e43e90 nmethod 2446 0x0000025aedde1c10 code [0x0000025aedde1e20, 0x0000025aedde25e8]
Event: 3.704 Thread 0x0000025a80e43e90 2448       3       java.security.MessageDigest::digest (12 bytes)
Event: 3.704 Thread 0x0000025a80e43e90 nmethod 2448 0x0000025aedde2910 code [0x0000025aedde2ac0, 0x0000025aedde2d88]
Event: 3.704 Thread 0x0000025a80e43e90 2449       3       java.security.MessageDigest$Delegate::engineDigest (8 bytes)
Event: 3.704 Thread 0x0000025a82025e70 2444       4       java.lang.StringCoding::hasNegatives (25 bytes)
Event: 3.705 Thread 0x0000025a80e43e90 nmethod 2449 0x0000025aedde2e90 code [0x0000025aedde3040, 0x0000025aedde3208]
Event: 3.705 Thread 0x0000025a80e43e90 2450       1       sun.security.util.KnownOIDs::stdName (5 bytes)
Event: 3.705 Thread 0x0000025a80e43e90 nmethod 2450 0x0000025af54dd910 code [0x0000025af54ddaa0, 0x0000025af54ddb78]
Event: 3.707 Thread 0x0000025a80e43e90 2453       3       java.math.MutableBigInteger::divWord (108 bytes)
Event: 3.707 Thread 0x0000025a80e43e90 nmethod 2453 0x0000025aedde3310 code [0x0000025aedde34c0, 0x0000025aedde3838]
Event: 3.708 Thread 0x0000025a82025e70 nmethod 2444 0x0000025af54ddc10 code [0x0000025af54ddd80, 0x0000025af54ddeb8]
Event: 3.708 Thread 0x0000025a82025e70 2445       4       java.lang.String::<init> (828 bytes)

GC Heap History (10 events):
Event: 1.062 GC heap before
{Heap before GC invocations=1 (full 0):
 PSYoungGen      total 29696K, used 25600K [0x00000000eab00000, 0x00000000ecc00000, 0x0000000100000000)
  eden space 25600K, 100% used [0x00000000eab00000,0x00000000ec400000,0x00000000ec400000)
  from space 4096K, 0% used [0x00000000ec800000,0x00000000ec800000,0x00000000ecc00000)
  to   space 4096K, 0% used [0x00000000ec400000,0x00000000ec400000,0x00000000ec800000)
 ParOldGen       total 68608K, used 0K [0x00000000c0000000, 0x00000000c4300000, 0x00000000eab00000)
  object space 68608K, 0% used [0x00000000c0000000,0x00000000c0000000,0x00000000c4300000)
 Metaspace       used 11105K, committed 11328K, reserved 1064960K
  class space    used 1104K, committed 1216K, reserved 1048576K
}
Event: 1.070 GC heap after
{Heap after GC invocations=1 (full 0):
 PSYoungGen      total 29696K, used 3208K [0x00000000eab00000, 0x00000000ecc00000, 0x0000000100000000)
  eden space 25600K, 0% used [0x00000000eab00000,0x00000000eab00000,0x00000000ec400000)
  from space 4096K, 78% used [0x00000000ec400000,0x00000000ec722208,0x00000000ec800000)
  to   space 4096K, 0% used [0x00000000ec800000,0x00000000ec800000,0x00000000ecc00000)
 ParOldGen       total 68608K, used 16K [0x00000000c0000000, 0x00000000c4300000, 0x00000000eab00000)
  object space 68608K, 0% used [0x00000000c0000000,0x00000000c0004000,0x00000000c4300000)
 Metaspace       used 11105K, committed 11328K, reserved 1064960K
  class space    used 1104K, committed 1216K, reserved 1048576K
}
Event: 2.002 GC heap before
{Heap before GC invocations=2 (full 0):
 PSYoungGen      total 29696K, used 28808K [0x00000000eab00000, 0x00000000ecc00000, 0x0000000100000000)
  eden space 25600K, 100% used [0x00000000eab00000,0x00000000ec400000,0x00000000ec400000)
  from space 4096K, 78% used [0x00000000ec400000,0x00000000ec722208,0x00000000ec800000)
  to   space 4096K, 0% used [0x00000000ec800000,0x00000000ec800000,0x00000000ecc00000)
 ParOldGen       total 68608K, used 16K [0x00000000c0000000, 0x00000000c4300000, 0x00000000eab00000)
  object space 68608K, 0% used [0x00000000c0000000,0x00000000c0004000,0x00000000c4300000)
 Metaspace       used 14997K, committed 15296K, reserved 1064960K
  class space    used 1518K, committed 1664K, reserved 1048576K
}
Event: 2.009 GC heap after
{Heap after GC invocations=2 (full 0):
 PSYoungGen      total 29696K, used 4077K [0x00000000eab00000, 0x00000000ecc00000, 0x0000000100000000)
  eden space 25600K, 0% used [0x00000000eab00000,0x00000000eab00000,0x00000000ec400000)
  from space 4096K, 99% used [0x00000000ec800000,0x00000000ecbfb708,0x00000000ecc00000)
  to   space 4096K, 0% used [0x00000000ec400000,0x00000000ec400000,0x00000000ec800000)
 ParOldGen       total 68608K, used 1394K [0x00000000c0000000, 0x00000000c4300000, 0x00000000eab00000)
  object space 68608K, 2% used [0x00000000c0000000,0x00000000c015cb80,0x00000000c4300000)
 Metaspace       used 14997K, committed 15296K, reserved 1064960K
  class space    used 1518K, committed 1664K, reserved 1048576K
}
Event: 3.012 GC heap before
{Heap before GC invocations=3 (full 0):
 PSYoungGen      total 29696K, used 29677K [0x00000000eab00000, 0x00000000ecc00000, 0x0000000100000000)
  eden space 25600K, 99% used [0x00000000eab00000,0x00000000ec3fffe8,0x00000000ec400000)
  from space 4096K, 99% used [0x00000000ec800000,0x00000000ecbfb708,0x00000000ecc00000)
  to   space 4096K, 0% used [0x00000000ec400000,0x00000000ec400000,0x00000000ec800000)
 ParOldGen       total 68608K, used 1394K [0x00000000c0000000, 0x00000000c4300000, 0x00000000eab00000)
  object space 68608K, 2% used [0x00000000c0000000,0x00000000c015cb80,0x00000000c4300000)
 Metaspace       used 19840K, committed 20224K, reserved 1073152K
  class space    used 1999K, committed 2176K, reserved 1048576K
}
Event: 3.017 GC heap after
{Heap after GC invocations=3 (full 0):
 PSYoungGen      total 29696K, used 4080K [0x00000000eab00000, 0x00000000ecc00000, 0x0000000100000000)
  eden space 25600K, 0% used [0x00000000eab00000,0x00000000eab00000,0x00000000ec400000)
  from space 4096K, 99% used [0x00000000ec400000,0x00000000ec7fc2f0,0x00000000ec800000)
  to   space 4096K, 0% used [0x00000000ec800000,0x00000000ec800000,0x00000000ecc00000)
 ParOldGen       total 68608K, used 4059K [0x00000000c0000000, 0x00000000c4300000, 0x00000000eab00000)
  object space 68608K, 5% used [0x00000000c0000000,0x00000000c03f6c10,0x00000000c4300000)
 Metaspace       used 19840K, committed 20224K, reserved 1073152K
  class space    used 1999K, committed 2176K, reserved 1048576K
}
Event: 3.264 GC heap before
{Heap before GC invocations=4 (full 0):
 PSYoungGen      total 29696K, used 11015K [0x00000000eab00000, 0x00000000ecc00000, 0x0000000100000000)
  eden space 25600K, 27% used [0x00000000eab00000,0x00000000eb1c5ce0,0x00000000ec400000)
  from space 4096K, 99% used [0x00000000ec400000,0x00000000ec7fc2f0,0x00000000ec800000)
  to   space 4096K, 0% used [0x00000000ec800000,0x00000000ec800000,0x00000000ecc00000)
 ParOldGen       total 68608K, used 4059K [0x00000000c0000000, 0x00000000c4300000, 0x00000000eab00000)
  object space 68608K, 5% used [0x00000000c0000000,0x00000000c03f6c10,0x00000000c4300000)
 Metaspace       used 21062K, committed 21504K, reserved 1073152K
  class space    used 2125K, committed 2368K, reserved 1048576K
}
Event: 3.267 GC heap after
{Heap after GC invocations=4 (full 0):
 PSYoungGen      total 29696K, used 4087K [0x00000000eab00000, 0x00000000ecc00000, 0x0000000100000000)
  eden space 25600K, 0% used [0x00000000eab00000,0x00000000eab00000,0x00000000ec400000)
  from space 4096K, 99% used [0x00000000ec800000,0x00000000ecbfde88,0x00000000ecc00000)
  to   space 4096K, 0% used [0x00000000ec400000,0x00000000ec400000,0x00000000ec800000)
 ParOldGen       total 68608K, used 4363K [0x00000000c0000000, 0x00000000c4300000, 0x00000000eab00000)
  object space 68608K, 6% used [0x00000000c0000000,0x00000000c0442c10,0x00000000c4300000)
 Metaspace       used 21062K, committed 21504K, reserved 1073152K
  class space    used 2125K, committed 2368K, reserved 1048576K
}
Event: 3.267 GC heap before
{Heap before GC invocations=5 (full 1):
 PSYoungGen      total 29696K, used 4087K [0x00000000eab00000, 0x00000000ecc00000, 0x0000000100000000)
  eden space 25600K, 0% used [0x00000000eab00000,0x00000000eab00000,0x00000000ec400000)
  from space 4096K, 99% used [0x00000000ec800000,0x00000000ecbfde88,0x00000000ecc00000)
  to   space 4096K, 0% used [0x00000000ec400000,0x00000000ec400000,0x00000000ec800000)
 ParOldGen       total 68608K, used 4363K [0x00000000c0000000, 0x00000000c4300000, 0x00000000eab00000)
  object space 68608K, 6% used [0x00000000c0000000,0x00000000c0442c10,0x00000000c4300000)
 Metaspace       used 21062K, committed 21504K, reserved 1073152K
  class space    used 2125K, committed 2368K, reserved 1048576K
}
Event: 3.297 GC heap after
{Heap after GC invocations=5 (full 1):
 PSYoungGen      total 29696K, used 0K [0x00000000eab00000, 0x00000000ecc00000, 0x0000000100000000)
  eden space 25600K, 0% used [0x00000000eab00000,0x00000000eab00000,0x00000000ec400000)
  from space 4096K, 0% used [0x00000000ec800000,0x00000000ec800000,0x00000000ecc00000)
  to   space 4096K, 0% used [0x00000000ec400000,0x00000000ec400000,0x00000000ec800000)
 ParOldGen       total 68608K, used 8212K [0x00000000c0000000, 0x00000000c4300000, 0x00000000eab00000)
  object space 68608K, 11% used [0x00000000c0000000,0x00000000c0805178,0x00000000c4300000)
 Metaspace       used 21048K, committed 21504K, reserved 1073152K
  class space    used 2122K, committed 2368K, reserved 1048576K
}

Dll operation events (9 events):
Event: 0.014 Loaded shared library c:\Users\kalle\.vscode\extensions\redhat.java-1.16.0-win32-x64\jre\17.0.6-win32-x86_64\bin\java.dll
Event: 0.212 Loaded shared library c:\Users\kalle\.vscode\extensions\redhat.java-1.16.0-win32-x64\jre\17.0.6-win32-x86_64\bin\zip.dll
Event: 0.216 Loaded shared library C:\Users\kalle\.vscode\extensions\redhat.java-1.16.0-win32-x64\jre\17.0.6-win32-x86_64\bin\instrument.dll
Event: 0.233 Loaded shared library C:\Users\kalle\.vscode\extensions\redhat.java-1.16.0-win32-x64\jre\17.0.6-win32-x86_64\bin\net.dll
Event: 0.236 Loaded shared library C:\Users\kalle\.vscode\extensions\redhat.java-1.16.0-win32-x64\jre\17.0.6-win32-x86_64\bin\nio.dll
Event: 0.245 Loaded shared library C:\Users\kalle\.vscode\extensions\redhat.java-1.16.0-win32-x64\jre\17.0.6-win32-x86_64\bin\zip.dll
Event: 0.263 Loaded shared library C:\Users\kalle\.vscode\extensions\redhat.java-1.16.0-win32-x64\jre\17.0.6-win32-x86_64\bin\jimage.dll
Event: 0.315 Loaded shared library c:\Users\kalle\.vscode\extensions\redhat.java-1.16.0-win32-x64\jre\17.0.6-win32-x86_64\bin\verify.dll
Event: 1.783 Loaded shared library C:\Users\kalle\AppData\Roaming\Code\User\globalStorage\redhat.java\1.16.0\config_win\org.eclipse.equinox.launcher\org.eclipse.equinox.launcher.win32.win32.x86_64_1.2.700.v20221108-1024\eclipse_11801.dll

Deoptimization events (20 events):
Event: 3.700 Thread 0x0000025a8346d000 DEOPT PACKING pc=0x0000025aeddd15d6 sp=0x0000006ed6aecda0
Event: 3.700 Thread 0x0000025a8346d000 DEOPT UNPACKING pc=0x0000025af4eaa9e3 sp=0x0000006ed6aec228 mode 0
Event: 3.700 Thread 0x0000025a8346d000 DEOPT PACKING pc=0x0000025aeddd15d6 sp=0x0000006ed6aeced0
Event: 3.700 Thread 0x0000025a8346d000 DEOPT UNPACKING pc=0x0000025af4eaa9e3 sp=0x0000006ed6aec358 mode 0
Event: 3.701 Thread 0x0000025a8346d000 DEOPT PACKING pc=0x0000025aeddd15d6 sp=0x0000006ed6aecda0
Event: 3.701 Thread 0x0000025a8346d000 DEOPT UNPACKING pc=0x0000025af4eaa9e3 sp=0x0000006ed6aec228 mode 0
Event: 3.701 Thread 0x0000025a8346d000 DEOPT PACKING pc=0x0000025aeddd15d6 sp=0x0000006ed6aecda0
Event: 3.701 Thread 0x0000025a8346d000 DEOPT UNPACKING pc=0x0000025af4eaa9e3 sp=0x0000006ed6aec228 mode 0
Event: 3.702 Thread 0x0000025a8346d000 DEOPT PACKING pc=0x0000025aeddd15d6 sp=0x0000006ed6aecda0
Event: 3.702 Thread 0x0000025a8346d000 DEOPT UNPACKING pc=0x0000025af4eaa9e3 sp=0x0000006ed6aec228 mode 0
Event: 3.702 Thread 0x0000025a8346d000 DEOPT PACKING pc=0x0000025aeddd15d6 sp=0x0000006ed6aeced0
Event: 3.702 Thread 0x0000025a8346d000 DEOPT UNPACKING pc=0x0000025af4eaa9e3 sp=0x0000006ed6aec358 mode 0
Event: 3.702 Thread 0x0000025a8346d000 DEOPT PACKING pc=0x0000025aeddd15d6 sp=0x0000006ed6aecf40
Event: 3.702 Thread 0x0000025a8346d000 DEOPT UNPACKING pc=0x0000025af4eaa9e3 sp=0x0000006ed6aec3c8 mode 0
Event: 3.702 Thread 0x0000025a8346d000 DEOPT PACKING pc=0x0000025aeddd15d6 sp=0x0000006ed6aecda0
Event: 3.702 Thread 0x0000025a8346d000 DEOPT UNPACKING pc=0x0000025af4eaa9e3 sp=0x0000006ed6aec228 mode 0
Event: 3.703 Thread 0x0000025a8346d000 DEOPT PACKING pc=0x0000025aeddd15d6 sp=0x0000006ed6aeced0
Event: 3.703 Thread 0x0000025a8346d000 DEOPT UNPACKING pc=0x0000025af4eaa9e3 sp=0x0000006ed6aec358 mode 0
Event: 3.703 Thread 0x0000025a8346d000 DEOPT PACKING pc=0x0000025aeddd15d6 sp=0x0000006ed6aeced0
Event: 3.703 Thread 0x0000025a8346d000 DEOPT UNPACKING pc=0x0000025af4eaa9e3 sp=0x0000006ed6aec358 mode 0

Classes unloaded (7 events):
Event: 3.272 Thread 0x0000025ae957ebf0 Unloading class 0x000000010021e400 'java/lang/invoke/LambdaForm$MH+0x000000010021e400'
Event: 3.272 Thread 0x0000025ae957ebf0 Unloading class 0x000000010021e000 'java/lang/invoke/LambdaForm$MH+0x000000010021e000'
Event: 3.272 Thread 0x0000025ae957ebf0 Unloading class 0x000000010021dc00 'java/lang/invoke/LambdaForm$MH+0x000000010021dc00'
Event: 3.272 Thread 0x0000025ae957ebf0 Unloading class 0x000000010021d800 'java/lang/invoke/LambdaForm$MH+0x000000010021d800'
Event: 3.272 Thread 0x0000025ae957ebf0 Unloading class 0x000000010021d000 'java/lang/invoke/LambdaForm$BMH+0x000000010021d000'
Event: 3.272 Thread 0x0000025ae957ebf0 Unloading class 0x000000010021cc00 'java/lang/invoke/LambdaForm$DMH+0x000000010021cc00'
Event: 3.272 Thread 0x0000025ae957ebf0 Unloading class 0x000000010021a000 'java/lang/invoke/LambdaForm$DMH+0x000000010021a000'

Classes redefined (0 events):
No events

Internal exceptions (20 events):
Event: 2.917 Thread 0x0000025a8346d000 Exception <a 'java/lang/NoSuchMethodError'{0x00000000ec2770e0}: 'void java.lang.invoke.DirectMethodHandle$Holder.invokeStatic(java.lang.Object, java.lang.Object, int, java.lang.Object)'> (0x00000000ec2770e0) 
thrown [s\src\hotspot\share\interpreter\linkResolver.cpp, line 759]
Event: 2.918 Thread 0x0000025a8346d000 Exception <a 'java/lang/NoSuchMethodError'{0x00000000ec27eab8}: 'void java.lang.invoke.DelegatingMethodHandle$Holder.delegate(java.lang.Object, java.lang.Object, int, java.lang.Object)'> (0x00000000ec27eab8) 
thrown [s\src\hotspot\share\interpreter\linkResolver.cpp, line 759]
Event: 2.919 Thread 0x0000025a8346d000 Exception <a 'java/lang/NoSuchMethodError'{0x00000000ec283148}: 'int java.lang.invoke.DirectMethodHandle$Holder.invokeSpecial(java.lang.Object, java.lang.Object, java.lang.Object)'> (0x00000000ec283148) 
thrown [s\src\hotspot\share\interpreter\linkResolver.cpp, line 759]
Event: 2.922 Thread 0x0000025a8346d000 Exception <a 'java/lang/NoSuchMethodError'{0x00000000ec2949b8}: 'int java.lang.invoke.DirectMethodHandle$Holder.invokeStatic(java.lang.Object, java.lang.Object, int)'> (0x00000000ec2949b8) 
thrown [s\src\hotspot\share\interpreter\linkResolver.cpp, line 759]
Event: 2.923 Thread 0x0000025a8346d000 Exception <a 'java/lang/NoSuchMethodError'{0x00000000ec299058}: 'int java.lang.invoke.DirectMethodHandle$Holder.invokeSpecial(java.lang.Object, java.lang.Object, java.lang.Object, int)'> (0x00000000ec299058) 
thrown [s\src\hotspot\share\interpreter\linkResolver.cpp, line 759]
Event: 2.926 Thread 0x0000025a8346d000 Exception <a 'java/lang/NoSuchMethodError'{0x00000000ec2b4d58}: 'java.lang.Object java.lang.invoke.DirectMethodHandle$Holder.invokeStatic(java.lang.Object, java.lang.Object, java.lang.Object, java.lang.Object, int)'> (0x00000000ec2b4d58) 
thrown [s\src\hotspot\share\interpreter\linkResolver.cpp, line 759]
Event: 2.929 Thread 0x0000025a8346d000 Exception <a 'java/lang/NoSuchMethodError'{0x00000000ec2c0d50}: 'java.lang.Object java.lang.invoke.DelegatingMethodHandle$Holder.reinvoke_L(java.lang.Object, java.lang.Object, java.lang.Object, java.lang.Object, int, int)'> (0x00000000ec2c0d50) 
thrown [s\src\hotspot\share\interpreter\linkResolver.cpp, line 759]
Event: 2.935 Thread 0x0000025a8346d000 Exception <a 'java/lang/NoSuchMethodError'{0x00000000ec2d8ce0}: 'java.lang.Object java.lang.invoke.Invokers$Holder.invokeExact_MT(java.lang.Object, java.lang.Object, java.lang.Object, java.lang.Object)'> (0x00000000ec2d8ce0) 
thrown [s\src\hotspot\share\interpreter\linkResolver.cpp, line 759]
Event: 3.132 Thread 0x0000025a8346d000 Exception <a 'java/lang/NoSuchMethodError'{0x00000000eaebcfb8}: 'java.lang.Object java.lang.invoke.DirectMethodHandle$Holder.newInvokeSpecial(java.lang.Object, java.lang.Object, java.lang.Object, java.lang.Object, java.lang.Object)'> (0x00000000eaebcfb8) 
thrown [s\src\hotspot\share\interpreter\linkResolver.cpp, line 759]
Event: 3.303 Thread 0x0000025a8346d000 Exception <a 'java/lang/NoSuchMethodError'{0x00000000eab42a28}: 'java.lang.Object java.lang.invoke.DirectMethodHandle$Holder.invokeSpecial(java.lang.Object, java.lang.Object, java.lang.Object, long, java.lang.Object)'> (0x00000000eab42a28) 
thrown [s\src\hotspot\share\interpreter\linkResolver.cpp, line 759]
Event: 3.304 Thread 0x0000025a8346d000 Exception <a 'java/lang/NoSuchMethodError'{0x00000000eab4b1e8}: 'java.lang.Object java.lang.invoke.DirectMethodHandle$Holder.newInvokeSpecial(java.lang.Object, java.lang.Object, java.lang.Object, long)'> (0x00000000eab4b1e8) 
thrown [s\src\hotspot\share\interpreter\linkResolver.cpp, line 759]
Event: 3.304 Thread 0x0000025a8346d000 Exception <a 'java/lang/NoSuchMethodError'{0x00000000eab4f788}: 'java.lang.Object java.lang.invoke.DirectMethodHandle$Holder.invokeSpecial(java.lang.Object, java.lang.Object, java.lang.Object, java.lang.Object, long)'> (0x00000000eab4f788) 
thrown [s\src\hotspot\share\interpreter\linkResolver.cpp, line 759]
Event: 3.313 Thread 0x0000025a8346d000 Exception <a 'java/lang/NoSuchMethodError'{0x00000000eabbc8c0}: 'int java.lang.invoke.DirectMethodHandle$Holder.invokeStaticInit(java.lang.Object, java.lang.Object, java.lang.Object)'> (0x00000000eabbc8c0) 
thrown [s\src\hotspot\share\interpreter\linkResolver.cpp, line 759]
Event: 3.322 Thread 0x0000025a8346d000 Exception <a 'java/lang/IncompatibleClassChangeError'{0x00000000eac2d6c8}: Found class java.lang.Object, but interface was expected> (0x00000000eac2d6c8) 
thrown [s\src\hotspot\share\interpreter\linkResolver.cpp, line 826]
Event: 3.332 Thread 0x0000025a8346d000 Exception <a 'java/lang/NoSuchMethodError'{0x00000000eac6cff0}: 'java.lang.Object java.lang.invoke.DirectMethodHandle$Holder.invokeSpecial(java.lang.Object, java.lang.Object, java.lang.Object, int, java.lang.Object, java.lang.Object)'> (0x00000000eac6cff0) 
thrown [s\src\hotspot\share\interpreter\linkResolver.cpp, line 759]
Event: 3.341 Thread 0x0000025a8346d000 Exception <a 'java/lang/NoSuchMethodError'{0x00000000eac75778}: 'java.lang.Object java.lang.invoke.DirectMethodHandle$Holder.newInvokeSpecial(java.lang.Object, java.lang.Object, java.lang.Object, int, java.lang.Object)'> (0x00000000eac75778) 
thrown [s\src\hotspot\share\interpreter\linkResolver.cpp, line 759]
Event: 3.343 Thread 0x0000025a8346d000 Exception <a 'java/lang/NoSuchMethodError'{0x00000000eac79bd0}: 'java.lang.Object java.lang.invoke.DirectMethodHandle$Holder.invokeSpecial(java.lang.Object, java.lang.Object, java.lang.Object, java.lang.Object, int, java.lang.Object)'> (0x00000000eac79bd0) 
thrown [s\src\hotspot\share\interpreter\linkResolver.cpp, line 759]
Event: 3.344 Thread 0x0000025a8362dc70 Exception <a 'java/lang/NoSuchMethodError'{0x00000000eac459d8}: 'java.lang.Object java.lang.invoke.DirectMethodHandle$Holder.invokeSpecial(java.lang.Object, java.lang.Object, int, java.lang.Object, java.lang.Object)'> (0x00000000eac459d8) 
thrown [s\src\hotspot\share\interpreter\linkResolver.cpp, line 759]
Event: 3.345 Thread 0x0000025a8362dc70 Exception <a 'java/lang/NoSuchMethodError'{0x00000000eac4d0a8}: 'java.lang.Object java.lang.invoke.DirectMethodHandle$Holder.newInvokeSpecial(java.lang.Object, java.lang.Object, int, java.lang.Object)'> (0x00000000eac4d0a8) 
thrown [s\src\hotspot\share\interpreter\linkResolver.cpp, line 759]
Event: 3.345 Thread 0x0000025a8362dc70 Exception <a 'java/lang/NoSuchMethodError'{0x00000000eac50bb8}: 'java.lang.Object java.lang.invoke.DirectMethodHandle$Holder.invokeSpecial(java.lang.Object, java.lang.Object, java.lang.Object, int, java.lang.Object)'> (0x00000000eac50bb8) 
thrown [s\src\hotspot\share\interpreter\linkResolver.cpp, line 759]

VM Operations (20 events):
Event: 1.501 Executing VM operation: HandshakeAllThreads
Event: 1.501 Executing VM operation: HandshakeAllThreads done
Event: 1.914 Executing VM operation: HandshakeAllThreads
Event: 1.914 Executing VM operation: HandshakeAllThreads done
Event: 2.001 Executing VM operation: ParallelGCFailedAllocation
Event: 2.009 Executing VM operation: ParallelGCFailedAllocation done
Event: 2.570 Executing VM operation: HandshakeAllThreads
Event: 2.570 Executing VM operation: HandshakeAllThreads done
Event: 2.666 Executing VM operation: HandshakeAllThreads
Event: 2.666 Executing VM operation: HandshakeAllThreads done
Event: 2.670 Executing VM operation: HandshakeAllThreads
Event: 2.670 Executing VM operation: HandshakeAllThreads done
Event: 2.915 Executing VM operation: HandshakeAllThreads
Event: 2.915 Executing VM operation: HandshakeAllThreads done
Event: 3.011 Executing VM operation: ParallelGCFailedAllocation
Event: 3.017 Executing VM operation: ParallelGCFailedAllocation done
Event: 3.264 Executing VM operation: CollectForMetadataAllocation
Event: 3.297 Executing VM operation: CollectForMetadataAllocation done
Event: 3.359 Executing VM operation: HandshakeAllThreads
Event: 3.359 Executing VM operation: HandshakeAllThreads done

Events (20 events):
Event: 3.361 loading class java/util/concurrent/atomic/Striped64 done
Event: 3.361 loading class java/util/concurrent/atomic/LongAdder done
Event: 3.361 loading class java/util/concurrent/ConcurrentSkipListMap$Node
Event: 3.361 loading class java/util/concurrent/ConcurrentSkipListMap$Node done
Event: 3.365 loading class java/util/concurrent/ThreadLocalRandom
Event: 3.365 loading class java/util/concurrent/ThreadLocalRandom done
Event: 3.366 loading class jdk/internal/util/random/RandomSupport
Event: 3.366 loading class jdk/internal/util/random/RandomSupport done
Event: 3.367 loading class java/lang/invoke/VarHandleLongs$FieldInstanceReadWrite
Event: 3.367 loading class java/lang/invoke/VarHandleLongs$FieldInstanceReadOnly
Event: 3.367 loading class java/lang/invoke/VarHandleLongs$FieldInstanceReadOnly done
Event: 3.367 loading class java/lang/invoke/VarHandleLongs$FieldInstanceReadWrite done
Event: 3.367 loading class java/util/concurrent/atomic/Striped64$1
Event: 3.367 loading class java/util/concurrent/atomic/Striped64$1 done
Event: 3.411 loading class java/security/Policy$UnsupportedEmptyCollection
Event: 3.411 loading class java/security/Policy$UnsupportedEmptyCollection done
Event: 3.411 loading class java/security/Policy$PolicyInfo
Event: 3.411 loading class java/security/Policy$PolicyInfo done
Event: 3.483 Thread 0x0000025a83366020 Thread exited: 0x0000025a83366020
Event: 3.704 Thread 0x0000025a82025e70 Thread added: 0x0000025a82025e70


Dynamic libraries:
0x00007ff7901f0000 - 0x00007ff7901fe000 	c:\Users\kalle\.vscode\extensions\redhat.java-1.16.0-win32-x64\jre\17.0.6-win32-x86_64\bin\java.exe
0x00007fff9f910000 - 0x00007fff9fb24000 	C:\WINDOWS\SYSTEM32\ntdll.dll
0x00007fff9ef20000 - 0x00007fff9efe3000 	C:\WINDOWS\System32\KERNEL32.DLL
0x00007fff9cdc0000 - 0x00007fff9d15c000 	C:\WINDOWS\System32\KERNELBASE.dll
0x00007fff969b0000 - 0x00007fff96a47000 	C:\WINDOWS\SYSTEM32\apphelp.dll
0x00007fff9d380000 - 0x00007fff9d491000 	C:\WINDOWS\System32\ucrtbase.dll
0x00007fff94bb0000 - 0x00007fff94bc7000 	c:\Users\kalle\.vscode\extensions\redhat.java-1.16.0-win32-x64\jre\17.0.6-win32-x86_64\bin\jli.dll
0x00007fff9e990000 - 0x00007fff9eb3d000 	C:\WINDOWS\System32\USER32.dll
0x00007fff9d160000 - 0x00007fff9d186000 	C:\WINDOWS\System32\win32u.dll
0x00007fff9d740000 - 0x00007fff9d769000 	C:\WINDOWS\System32\GDI32.dll
0x00007fff9d600000 - 0x00007fff9d713000 	C:\WINDOWS\System32\gdi32full.dll
0x00007fff9d4a0000 - 0x00007fff9d53a000 	C:\WINDOWS\System32\msvcp_win.dll
0x00007fff93b70000 - 0x00007fff93b89000 	c:\Users\kalle\.vscode\extensions\redhat.java-1.16.0-win32-x64\jre\17.0.6-win32-x86_64\bin\VCRUNTIME140.dll
0x00007fff9bfd0000 - 0x00007fff9c25e000 	C:\WINDOWS\WinSxS\amd64_microsoft.windows.common-controls_6595b64144ccf1df_6.0.22621.608_none_a9444ca7c10bb01d\COMCTL32.dll
0x00007fff9e710000 - 0x00007fff9e7b7000 	C:\WINDOWS\System32\msvcrt.dll
0x00007fff9de30000 - 0x00007fff9de61000 	C:\WINDOWS\System32\IMM32.DLL
0x00007fff94fa0000 - 0x00007fff94fac000 	c:\Users\kalle\.vscode\extensions\redhat.java-1.16.0-win32-x64\jre\17.0.6-win32-x86_64\bin\vcruntime140_1.dll
0x00007fff5a850000 - 0x00007fff5a8e1000 	c:\Users\kalle\.vscode\extensions\redhat.java-1.16.0-win32-x64\jre\17.0.6-win32-x86_64\bin\msvcp140.dll
0x00007fff004c0000 - 0x00007fff01107000 	c:\Users\kalle\.vscode\extensions\redhat.java-1.16.0-win32-x64\jre\17.0.6-win32-x86_64\bin\server\jvm.dll
0x00007fff9dc00000 - 0x00007fff9dcae000 	C:\WINDOWS\System32\ADVAPI32.dll
0x00007fff9e660000 - 0x00007fff9e704000 	C:\WINDOWS\System32\sechost.dll
0x00007fff9f690000 - 0x00007fff9f7a5000 	C:\WINDOWS\System32\RPCRT4.dll
0x00007fff91e30000 - 0x00007fff91e39000 	C:\WINDOWS\SYSTEM32\WSOCK32.dll
0x00007fff9ddb0000 - 0x00007fff9de21000 	C:\WINDOWS\System32\WS2_32.dll
0x00007fff91d40000 - 0x00007fff91d74000 	C:\WINDOWS\SYSTEM32\WINMM.dll
0x00007fff91cc0000 - 0x00007fff91cca000 	C:\WINDOWS\SYSTEM32\VERSION.dll
0x00007fff9b580000 - 0x00007fff9b598000 	C:\WINDOWS\SYSTEM32\kernel.appcore.dll
0x00007fff8f740000 - 0x00007fff8f74a000 	c:\Users\kalle\.vscode\extensions\redhat.java-1.16.0-win32-x64\jre\17.0.6-win32-x86_64\bin\jimage.dll
0x00007fff9c680000 - 0x00007fff9c8ae000 	C:\WINDOWS\SYSTEM32\DBGHELP.DLL
0x00007fff9eb90000 - 0x00007fff9ef19000 	C:\WINDOWS\System32\combase.dll
0x00007fff9f050000 - 0x00007fff9f127000 	C:\WINDOWS\System32\OLEAUT32.dll
0x00007fff9c540000 - 0x00007fff9c572000 	C:\WINDOWS\SYSTEM32\dbgcore.DLL
0x00007fff9d190000 - 0x00007fff9d20b000 	C:\WINDOWS\System32\bcryptPrimitives.dll
0x00007fff8f6b0000 - 0x00007fff8f6be000 	c:\Users\kalle\.vscode\extensions\redhat.java-1.16.0-win32-x64\jre\17.0.6-win32-x86_64\bin\instrument.dll
0x00007fff8f650000 - 0x00007fff8f675000 	c:\Users\kalle\.vscode\extensions\redhat.java-1.16.0-win32-x64\jre\17.0.6-win32-x86_64\bin\java.dll
0x00007fff8f450000 - 0x00007fff8f468000 	c:\Users\kalle\.vscode\extensions\redhat.java-1.16.0-win32-x64\jre\17.0.6-win32-x86_64\bin\zip.dll
0x00007fff9de70000 - 0x00007fff9e660000 	C:\WINDOWS\System32\SHELL32.dll
0x00007fff9a360000 - 0x00007fff9ac2e000 	C:\WINDOWS\SYSTEM32\windows.storage.dll
0x00007fff9a220000 - 0x00007fff9a35e000 	C:\WINDOWS\SYSTEM32\wintypes.dll
0x00007fff9dcb0000 - 0x00007fff9dda1000 	C:\WINDOWS\System32\SHCORE.dll
0x00007fff9eff0000 - 0x00007fff9f04e000 	C:\WINDOWS\System32\shlwapi.dll
0x00007fff9cc80000 - 0x00007fff9cca1000 	C:\WINDOWS\SYSTEM32\profapi.dll
0x00007fff831c0000 - 0x00007fff831d9000 	C:\Users\kalle\.vscode\extensions\redhat.java-1.16.0-win32-x64\jre\17.0.6-win32-x86_64\bin\net.dll
0x00007fff93e90000 - 0x00007fff93fbf000 	C:\WINDOWS\SYSTEM32\WINHTTP.dll
0x00007fff9bb90000 - 0x00007fff9bbf9000 	C:\WINDOWS\system32\mswsock.dll
0x00007fff7ed10000 - 0x00007fff7ed25000 	C:\Users\kalle\.vscode\extensions\redhat.java-1.16.0-win32-x64\jre\17.0.6-win32-x86_64\bin\nio.dll
0x00007fff8f620000 - 0x00007fff8f630000 	c:\Users\kalle\.vscode\extensions\redhat.java-1.16.0-win32-x64\jre\17.0.6-win32-x86_64\bin\verify.dll
0x00007fff5ecc0000 - 0x00007fff5ecfe000 	C:\Users\kalle\AppData\Roaming\Code\User\globalStorage\redhat.java\1.16.0\config_win\org.eclipse.equinox.launcher\org.eclipse.equinox.launcher.win32.win32.x86_64_1.2.700.v20221108-1024\eclipse_11801.dll
0x00007fff9f3a0000 - 0x00007fff9f53c000 	C:\WINDOWS\System32\ole32.dll

dbghelp: loaded successfully - version: 4.0.5 - missing functions: none
symbol engine: initialized successfully - sym options: 0x614 - pdb path: .;c:\Users\kalle\.vscode\extensions\redhat.java-1.16.0-win32-x64\jre\17.0.6-win32-x86_64\bin;C:\WINDOWS\SYSTEM32;C:\WINDOWS\WinSxS\amd64_microsoft.windows.common-controls_6595b64144ccf1df_6.0.22621.608_none_a9444ca7c10bb01d;c:\Users\kalle\.vscode\extensions\redhat.java-1.16.0-win32-x64\jre\17.0.6-win32-x86_64\bin\server;C:\Users\kalle\AppData\Roaming\Code\User\globalStorage\redhat.java\1.16.0\config_win\org.eclipse.equinox.launcher\org.eclipse.equinox.launcher.win32.win32.x86_64_1.2.700.v20221108-1024

VM Arguments:
jvm_args: --add-modules=ALL-SYSTEM --add-opens=java.base/java.util=ALL-UNNAMED --add-opens=java.base/java.lang=ALL-UNNAMED --add-opens=java.base/sun.nio.fs=ALL-UNNAMED -Declipse.application=org.eclipse.jdt.ls.core.id1 -Dosgi.bundles.defaultStartLevel=4 -Declipse.product=org.eclipse.jdt.ls.core.product -Djava.import.generatesMetadataFilesAtProjectRoot=false -Dfile.encoding=utf8 -XX:+UseParallelGC -XX:GCTimeRatio=4 -XX:AdaptiveSizePolicyWeight=90 -Dsun.zip.disableMemoryMapping=true -Xmx1G -Xms100m -Xlog:disable -javaagent:c:\Users\kalle\.vscode\extensions\redhat.java-1.16.0-win32-x64\lombok\lombok-1.18.24.jar -XX:+HeapDumpOnOutOfMemoryError -XX:HeapDumpPath=c:\Users\kalle\AppData\Roaming\Code\User\workspaceStorage\fac338509ed89eeb150c1af0c3900477\redhat.java 
java_command: c:\Users\kalle\.vscode\extensions\redhat.java-1.16.0-win32-x64\server\plugins\org.eclipse.equinox.launcher_1.6.400.v20210924-0641.jar -configuration c:\Users\kalle\AppData\Roaming\Code\User\globalStorage\redhat.java\1.16.0\config_win -data c:\Users\kalle\AppData\Roaming\Code\User\workspaceStorage\fac338509ed89eeb150c1af0c3900477\redhat.java\jdt_ws
java_class_path (initial): c:\Users\kalle\.vscode\extensions\redhat.java-1.16.0-win32-x64\server\plugins\org.eclipse.equinox.launcher_1.6.400.v20210924-0641.jar
Launcher Type: SUN_STANDARD

[Global flags]
    uintx AdaptiveSizePolicyWeight                 = 90                                        {product} {command line}
     intx CICompilerCount                          = 4                                         {product} {ergonomic}
    uintx GCTimeRatio                              = 4                                         {product} {command line}
     bool HeapDumpOnOutOfMemoryError               = true                                   {manageable} {command line}
    ccstr HeapDumpPath                             = c:\Users\kalle\AppData\Roaming\Code\User\workspaceStorage\fac338509ed89eeb150c1af0c3900477\redhat.java         {manageable} {command line}
   size_t InitialHeapSize                          = 104857600                                 {product} {command line}
   size_t MaxHeapSize                              = 1073741824                                {product} {command line}
   size_t MaxNewSize                               = 357564416                                 {product} {ergonomic}
   size_t MinHeapDeltaBytes                        = 524288                                    {product} {ergonomic}
   size_t MinHeapSize                              = 104857600                                 {product} {command line}
   size_t NewSize                                  = 34603008                                  {product} {ergonomic}
    uintx NonNMethodCodeHeapSize                   = 5839372                                {pd product} {ergonomic}
    uintx NonProfiledCodeHeapSize                  = 122909434                              {pd product} {ergonomic}
   size_t OldSize                                  = 70254592                                  {product} {ergonomic}
    uintx ProfiledCodeHeapSize                     = 122909434                              {pd product} {ergonomic}
    uintx ReservedCodeCacheSize                    = 251658240                              {pd product} {ergonomic}
     bool SegmentedCodeCache                       = true                                      {product} {ergonomic}
   size_t SoftMaxHeapSize                          = 1073741824                             {manageable} {ergonomic}
     bool UseCompressedClassPointers               = true                           {product lp64_product} {ergonomic}
     bool UseCompressedOops                        = true                           {product lp64_product} {ergonomic}
     bool UseLargePagesIndividualAllocation        = false                                  {pd product} {ergonomic}
     bool UseParallelGC                            = true                                      {product} {command line}

Logging:
Log output configuration:
 #0: stdout all=off uptime,level,tags
 #1: stderr all=off uptime,level,tags

Environment Variables:
CLASSPATH=C:\jogamp\joml\joml-1.10.5.jar;C:\jogamp\jogamp-all-platforms\jogamp-all-platforms\jar\jogl-all.jar;C:\jogamp\jogamp-all-platforms\jogamp-all-platforms\jar\gluegen-rt.jar;
PATH=C:\Python311\Scripts\;C:\Python311\;C:\Program Files\Python38\Scripts\;C:\Program Files\Python38\;C:\Python310\Scripts\;C:\Python310\;C:\Program Files\Common Files\Oracle\Java\javapath;C:\Program Files (x86)\Common Files\Oracle\Java\javapath;C:\WINDOWS\system32;C:\WINDOWS;C:\WINDOWS\System32\Wbem;C:\WINDOWS\System32\WindowsPowerShell\v1.0\;C:\WINDOWS\System32\OpenSSH\;C:\Program Files\Git\cmd;C:\Program Files\Git\mingw64\bin;C:\Program Files\Git\usr\bin;C:\Program Files\PuTTY\;C:\msys64\mingw64\bin;C:\MinGW\bin;C:\Program Files\dotnet\;C:\Program Files\Java\jdk-17.0.2\bin;C:\ProgramData\chocolatey\bin;C:\Users\kalle\Downloads\;C:\Users\kalle\Desktop\processes;C:\Users\kalle\Downloads\geckodriver-v0.31.0-win64;C:\Gradle\gradle-7.5.1\bin;C:\apache-maven-3.8.6\bin\;C:\Users\kalle;C:\Program Files\Graphviz\bin;C:\Users\kalle\AppData\Local\Android\Sdk\platform-tools;C:\Users\kalle\AppData\Local\Android\Sdk\emulator;C:\Program Files\Docker\Docker\resources\bin;%NVM_HOME%;%NVM_SYMLINK%;C:\Python310\Scripts\;C:\Python310\;C:\Program Files\Common Files\Oracle\Java\javapath;C:\Program Files (x86)\Common Files\Oracle\Java\javapath;C:\WINDOWS\system32;C:\WINDOWS;C:\WINDOWS\System32\Wbem;C:\WINDOWS\System32\WindowsPowerShell\v1.0\;C:\WINDOWS\System32\OpenSSH\;C:\Program Files\Git\cmd;C:\Program Files\Git\mingw64\bin;C:\Program Files\Git\usr\bin;C:\Program Files\PuTTY\;C:\msys64\mingw64\bin;C:\MinGW\bin;C:\Program Files\dotnet\;C:\Program Files\Java\jdk-17.0.2\bin;C:\ProgramData\chocolatey\bin;C:\Users\kalle\Downloads\;C:\Users\kalle\Desktop\processes;C:\Program Files\swipl\bin;C:\Users\kalle\AppData\Local\Microsoft\WindowsApps;C:\Users\kalle\AppData\Local\Programs\Microsoft VS Code\bin;GeckoDriver Path;C:\Users\kall;C:\Users\kalle\AppData\Roaming\npm;C:\Users\kalle\AppData\Local\Microsoft\WindowsApps;C:\Users\kalle\AppData\Roaming\nvm;C:\Program Files\nodejs
USERNAME=kalle
OS=Windows_NT
PROCESSOR_IDENTIFIER=Intel64 Family 6 Model 140 Stepping 1, GenuineIntel
TMP=C:\Users\kalle\AppData\Local\Temp
TEMP=C:\Users\kalle\AppData\Local\Temp



---------------  S Y S T E M  ---------------

OS:
 Windows 11 , 64 bit Build 22621 (10.0.22621.1344)
OS uptime: 8 days 17:45 hours
Hyper-V role detected

CPU: total 8 (initial active 8) (4 cores per cpu, 2 threads per core) family 6 model 140 stepping 1 microcode 0x9a, cx8, cmov, fxsr, ht, mmx, 3dnowpref, sse, sse2, sse3, ssse3, sse4.1, sse4.2, popcnt, lzcnt, tsc, tscinvbit, avx, avx2, aes, erms, clmul, bmi1, bmi2, adx, avx512f, avx512dq, avx512cd, avx512bw, avx512vl, sha, fma, vzeroupper, avx512_vpopcntdq, avx512_vpclmulqdq, avx512_vaes, avx512_vnni, clflush, clflushopt, clwb, avx512_vbmi2, avx512_vbmi, hv

Memory: 4k page, system-wide physical 16051M (4924M free)
TotalPageFile size 41333M (AvailPageFile size 4M)
current process WorkingSet (physical memory assigned to process): 118M, peak: 118M
current process commit charge ("private bytes"): 224M, peak: 225M

vm_info: OpenJDK 64-Bit Server VM (17.0.6+10) for windows-amd64 JRE (17.0.6+10), built on Jan 18 2023 10:08:59 by "temurin" with MS VC++ 16.7 (VS2019)

END.
