#
# There is insufficient memory for the Java Runtime Environment to continue.
# Native memory allocation (malloc) failed to allocate 32744 bytes for Chunk::new
# Possible reasons:
#   The system is out of physical RAM or swap space
#   The process is running with CompressedOops enabled, and the Java Heap may be blocking the growth of the native heap
# Possible solutions:
#   Reduce memory load on the system
#   Increase physical memory or swap space
#   Check if swap backing store is full
#   Decrease Java heap size (-Xmx/-Xms)
#   Decrease number of Java threads
#   Decrease Java thread stack sizes (-Xss)
#   Set larger code cache with -XX:ReservedCodeCacheSize=
#   JVM is running with Zero Based Compressed Oops mode in which the Java heap is
#     placed in the first 32GB address space. The Java Heap base address is the
#     maximum limit for the native heap growth. Please use -XX:HeapBaseMinAddress
#     to set the Java Heap base and to place the Java Heap above 32GB virtual address.
# This output file may be truncated or incomplete.
#
#  Out of Memory Error (arena.cpp:184), pid=29080, tid=5908
#
# JRE version: Java(TM) SE Runtime Environment (18.0.2.1+1) (build 18.0.2.1+1-1)
# Java VM: Java HotSpot(TM) 64-Bit Server VM (18.0.2.1+1-1, mixed mode, sharing, tiered, compressed oops, compressed class ptrs, g1 gc, windows-amd64)
# No core dump will be written. Minidumps are not enabled by default on client versions of Windows
#

---------------  S U M M A R Y ------------

Command Line: -Dmaven.multiModuleProjectDirectory=C:\Users\shams\Downloads\SEProject-main\SEProject-main\java-springbootApp -Djansi.passthrough=true -Dmaven.home=C:\Program Files\JetBrains\IntelliJ IDEA Community Edition 2022.3.2\plugins\maven\lib\maven3 -Dclassworlds.conf=C:\Program Files\JetBrains\IntelliJ IDEA Community Edition 2022.3.2\plugins\maven\lib\maven3\bin\m2.conf -Dmaven.ext.class.path=C:\Program Files\JetBrains\IntelliJ IDEA Community Edition 2022.3.2\plugins\maven\lib\maven-event-listener.jar -javaagent:C:\Program Files\JetBrains\IntelliJ IDEA Community Edition 2022.3.2\lib\idea_rt.jar=52900:C:\Program Files\JetBrains\IntelliJ IDEA Community Edition 2022.3.2\bin -Dfile.encoding=UTF-8 -Dsun.stdout.encoding=UTF-8 -Dsun.stderr.encoding=UTF-8 org.codehaus.classworlds.Launcher -Didea.version=2022.3.2 package

Host: 11th Gen Intel(R) Core(TM) i7-1165G7 @ 2.80GHz, 8 cores, 11G,  Windows 11 , 64 bit Build 22621 (10.0.22621.1194)
Time: Sat Feb 25 21:56:51 2023 Central Standard Time elapsed time: 17.180028 seconds (0d 0h 0m 17s)

---------------  T H R E A D  ---------------

Current thread (0x00000177bed9a2a0):  JavaThread "C2 CompilerThread0" daemon [_thread_in_native, id=5908, stack(0x0000006deff00000,0x0000006df0000000)]


Current CompileTask:
C2:  17180 8507       4       org.apache.maven.model.inheritance.DefaultInheritanceAssembler$InheritanceModelMerger::mergePluginContainer_Plugins (430 bytes)

Stack: [0x0000006deff00000,0x0000006df0000000]
Native frames: (J=compiled Java code, j=interpreted, Vv=VM code, C=native code)
V  [jvm.dll+0x6993aa]
V  [jvm.dll+0x7f46dd]
V  [jvm.dll+0x7f5fee]
V  [jvm.dll+0x7f66a3]
V  [jvm.dll+0x25cf1f]
V  [jvm.dll+0xb8c2f]
V  [jvm.dll+0xb8fa5]
V  [jvm.dll+0xb8d4b]
V  [jvm.dll+0x7de35c]
V  [jvm.dll+0x5a6a3c]
V  [jvm.dll+0x5b2199]
V  [jvm.dll+0x5b86cb]
V  [jvm.dll+0x5b66e8]
V  [jvm.dll+0x5b5fab]
V  [jvm.dll+0x5a146d]
V  [jvm.dll+0x2388de]
V  [jvm.dll+0x231ea5]
V  [jvm.dll+0x22f3cb]
V  [jvm.dll+0x1ba01c]
V  [jvm.dll+0x23ee0a]
V  [jvm.dll+0x23d0f5]
V  [jvm.dll+0x7a6dd1]
V  [jvm.dll+0x7a120a]
V  [jvm.dll+0x698255]
C  [ucrtbase.dll+0x29363]
C  [KERNEL32.DLL+0x126bd]
C  [ntdll.dll+0x5dfb8]


---------------  P R O C E S S  ---------------

Threads class SMR info:
_java_thread_list=0x00000177c5825050, length=25, elements={
0x000001779e7b08f0, 0x00000177bed76630, 0x00000177bed76ee0, 0x00000177bed8c7a0,
0x00000177bed8d050, 0x00000177bed8d900, 0x00000177bed961c0, 0x00000177bed9a2a0,
0x00000177beda3360, 0x00000177bedb5c40, 0x00000177c3031080, 0x00000177c31d6010,
0x00000177c31d64d0, 0x00000177c556f850, 0x00000177c51c2b90, 0x00000177c4c69160,
0x00000177c5c24710, 0x00000177c6451390, 0x00000177c6450050, 0x00000177c6452200,
0x00000177c64509f0, 0x00000177c6453540, 0x00000177c6451860, 0x00000177c64526d0,
0x00000177c6451d30
}

Java Threads: ( => current thread )
  0x000001779e7b08f0 JavaThread "main" [_thread_in_native, id=7216, stack(0x0000006def200000,0x0000006def300000)]
  0x00000177bed76630 JavaThread "Reference Handler" daemon [_thread_blocked, id=27556, stack(0x0000006def900000,0x0000006defa00000)]
  0x00000177bed76ee0 JavaThread "Finalizer" daemon [_thread_blocked, id=28072, stack(0x0000006defa00000,0x0000006defb00000)]
  0x00000177bed8c7a0 JavaThread "Signal Dispatcher" daemon [_thread_blocked, id=34448, stack(0x0000006defb00000,0x0000006defc00000)]
  0x00000177bed8d050 JavaThread "Attach Listener" daemon [_thread_blocked, id=4116, stack(0x0000006defc00000,0x0000006defd00000)]
  0x00000177bed8d900 JavaThread "Service Thread" daemon [_thread_blocked, id=32772, stack(0x0000006defd00000,0x0000006defe00000)]
  0x00000177bed961c0 JavaThread "Monitor Deflation Thread" daemon [_thread_blocked, id=30424, stack(0x0000006defe00000,0x0000006deff00000)]
=>0x00000177bed9a2a0 JavaThread "C2 CompilerThread0" daemon [_thread_in_native, id=5908, stack(0x0000006deff00000,0x0000006df0000000)]
  0x00000177beda3360 JavaThread "C1 CompilerThread0" daemon [_thread_blocked, id=18248, stack(0x0000006df0000000,0x0000006df0100000)]
  0x00000177bedb5c40 JavaThread "Sweeper thread" daemon [_thread_blocked, id=37364, stack(0x0000006df0100000,0x0000006df0200000)]
  0x00000177c3031080 JavaThread "Common-Cleaner" daemon [_thread_blocked, id=28636, stack(0x0000006df0200000,0x0000006df0300000)]
  0x00000177c31d6010 JavaThread "Monitor Ctrl-Break" daemon [_thread_in_native, id=12792, stack(0x0000006df0300000,0x0000006df0400000)]
  0x00000177c31d64d0 JavaThread "Notification Thread" daemon [_thread_blocked, id=22592, stack(0x0000006df0400000,0x0000006df0500000)]
  0x00000177c556f850 JavaThread "C2 CompilerThread1" daemon [_thread_in_native, id=36960, stack(0x0000006df0e00000,0x0000006df0f00000)]
  0x00000177c51c2b90 JavaThread "resolver-1" daemon [_thread_blocked, id=26840, stack(0x0000006df1100000,0x0000006df1200000)]
  0x00000177c4c69160 JavaThread "resolver-2" daemon [_thread_blocked, id=20220, stack(0x0000006df1200000,0x0000006df1300000)]
  0x00000177c5c24710 JavaThread "resolver-3" daemon [_thread_blocked, id=25388, stack(0x0000006df1300000,0x0000006df1400000)]
  0x00000177c6451390 JavaThread "resolver-4" daemon [_thread_blocked, id=35836, stack(0x0000006df1400000,0x0000006df1500000)]
  0x00000177c6450050 JavaThread "resolver-5" daemon [_thread_blocked, id=27580, stack(0x0000006df1500000,0x0000006df1600000)]
  0x00000177c6452200 JavaThread "timeout-check-timer" daemon [_thread_blocked, id=15592, stack(0x0000006df1600000,0x0000006df1700000)]
  0x00000177c64509f0 JavaThread "ping-timer-10s" daemon [_thread_blocked, id=27836, stack(0x0000006df1700000,0x0000006df1800000)]
  0x00000177c6453540 JavaThread "ThreadedStreamConsumer" daemon [_thread_blocked, id=11044, stack(0x0000006df1800000,0x0000006df1900000)]
  0x00000177c6451860 JavaThread "Thread-2" [_thread_blocked, id=37748, stack(0x0000006df1900000,0x0000006df1a00000)]
  0x00000177c64526d0 JavaThread "Thread-3" [_thread_in_native, id=2100, stack(0x0000006df1a00000,0x0000006df1b00000)]
  0x00000177c6451d30 JavaThread "Thread-4" [_thread_in_native, id=17664, stack(0x0000006df1b00000,0x0000006df1c00000)]

Other Threads:
  0x00000177bed6be80 VMThread "VM Thread" [stack: 0x0000006def800000,0x0000006def900000] [id=29140]
  0x00000177c31d6990 WatcherThread "VM Periodic Task Thread" [stack: 0x0000006df0500000,0x0000006df0600000] [id=33308]
  0x000001779e80d4c0 WorkerThread "GC Thread#0" [stack: 0x0000006def300000,0x0000006def400000] [id=26056]
  0x00000177c3ac60f0 WorkerThread "GC Thread#1" [stack: 0x0000006df0700000,0x0000006df0800000] [id=14848]
  0x00000177c3754050 WorkerThread "GC Thread#2" [stack: 0x0000006df0800000,0x0000006df0900000] [id=23412]
  0x00000177c3f580d0 WorkerThread "GC Thread#3" [stack: 0x0000006df0900000,0x0000006df0a00000] [id=36340]
  0x00000177c4047d10 WorkerThread "GC Thread#4" [stack: 0x0000006df0a00000,0x0000006df0b00000] [id=23012]
  0x00000177c3f588a0 WorkerThread "GC Thread#5" [stack: 0x0000006df0b00000,0x0000006df0c00000] [id=18832]
  0x00000177c36f9bd0 WorkerThread "GC Thread#6" [stack: 0x0000006df0c00000,0x0000006df0d00000] [id=3784]
  0x00000177c3807c80 WorkerThread "GC Thread#7" [stack: 0x0000006df0d00000,0x0000006df0e00000] [id=37736]
  0x000001779e819f00 ConcurrentGCThread "G1 Main Marker" [stack: 0x0000006def400000,0x0000006def500000] [id=24236]
  0x000001779e81a960 WorkerThread "G1 Conc#0" [stack: 0x0000006def500000,0x0000006def600000] [id=4848]
  0x00000177c43c4520 WorkerThread "G1 Conc#1" [stack: 0x0000006df0600000,0x0000006df0700000] [id=32244]
  0x000001779e8634b0 ConcurrentGCThread "G1 Refine#0" [stack: 0x0000006def600000,0x0000006def700000] [id=37512]
  0x00000177c7045630 ConcurrentGCThread "G1 Refine#1" [stack: 0x0000006df0f00000,0x0000006df1000000] [id=12508]
  0x00000177c7043ce0 ConcurrentGCThread "G1 Refine#2" [stack: 0x0000006df1000000,0x0000006df1100000] [id=36524]
  0x000001779e867ce0 ConcurrentGCThread "G1 Service" [stack: 0x0000006def700000,0x0000006def800000] [id=32628]

Threads with active compile tasks:
C2 CompilerThread0    17242 8507       4       org.apache.maven.model.inheritance.DefaultInheritanceAssembler$InheritanceModelMerger::mergePluginContainer_Plugins (430 bytes)
C2 CompilerThread1    17242 8458   !   4       java.lang.ClassLoader::loadClass (121 bytes)

VM state: not at safepoint (normal execution)

VM Mutex/Monitor currently owned by a thread: None

Heap address: 0x0000000744000000, size: 3008 MB, Compressed Oops mode: Zero based, Oop shift amount: 3

CDS archive(s) mapped at: [0x0000000800000000-0x0000000800ba0000-0x0000000800ba0000), size 12189696, SharedBaseAddress: 0x0000000800000000, ArchiveRelocationMode: 0.
Compressed class space mapped at: 0x0000000800c00000-0x0000000840c00000, reserved size: 1073741824
Narrow klass base: 0x0000000800000000, Narrow klass shift: 0, Narrow klass range: 0x100000000

GC Precious Log:
 CardTable entry size: 512
 Card Set container configuration: InlinePtr #cards 4 size 8 Array Of Cards #cards 16 size 48 Howl #buckets 8 coarsen threshold 3686 Howl Bitmap #cards 512 size 80 coarsen threshold 460 Card regions per heap region 1 cards per card region 4096
 CPUs: 8 total, 8 available
 Memory: 12026M
 Large Page Support: Disabled
 NUMA Support: Disabled
 Compressed Oops: Enabled (Zero based)
 Heap Region Size: 2M
 Heap Min Capacity: 8M
 Heap Initial Capacity: 188M
 Heap Max Capacity: 3008M
 Pre-touch: Disabled
 Parallel Workers: 8
 Concurrent Workers: 2
 Concurrent Refinement Workers: 8
 Periodic GC: Disabled

Heap:
 garbage-first heap   total 206848K, used 78486K [0x0000000744000000, 0x0000000800000000)
  region size 2048K, 17 young (34816K), 1 survivors (2048K)
 Metaspace       used 33221K, committed 33792K, reserved 1114112K
  class space    used 3554K, committed 3840K, reserved 1048576K

Heap Regions: E=young(eden), S=young(survivor), O=old, HS=humongous(starts), HC=humongous(continues), CS=collection set, F=free, OA=open archive, CA=closed archive, TAMS=top-at-mark-start (previous, next)
|   0|0x0000000744000000, 0x0000000744200000, 0x0000000744200000|100%| O|  |TAMS 0x0000000744200000, 0x0000000744000000| Untracked 
|   1|0x0000000744200000, 0x0000000744400000, 0x0000000744400000|100%| O|  |TAMS 0x0000000744400000, 0x0000000744200000| Untracked 
|   2|0x0000000744400000, 0x0000000744600000, 0x0000000744600000|100%| O|  |TAMS 0x0000000744600000, 0x0000000744400000| Untracked 
|   3|0x0000000744600000, 0x0000000744800000, 0x0000000744800000|100%| O|  |TAMS 0x0000000744800000, 0x0000000744600000| Untracked 
|   4|0x0000000744800000, 0x0000000744a00000, 0x0000000744a00000|100%| O|  |TAMS 0x0000000744a00000, 0x0000000744800000| Untracked 
|   5|0x0000000744a00000, 0x0000000744c00000, 0x0000000744c00000|100%| O|  |TAMS 0x0000000744c00000, 0x0000000744a00000| Untracked 
|   6|0x0000000744c00000, 0x0000000744dfd000, 0x0000000744e00000| 99%| O|  |TAMS 0x0000000744dfd000, 0x0000000744c00000| Untracked 
|   7|0x0000000744e00000, 0x0000000744e3c000, 0x0000000745000000| 11%| O|  |TAMS 0x0000000744e00000, 0x0000000744e00000| Untracked 
|   8|0x0000000745000000, 0x0000000745000000, 0x0000000745200000|  0%| F|  |TAMS 0x0000000745000000, 0x0000000745000000| Untracked 
|   9|0x0000000745200000, 0x0000000745400000, 0x0000000745400000|100%| O|  |TAMS 0x0000000745400000, 0x0000000745200000| Untracked 
|  10|0x0000000745400000, 0x0000000745400000, 0x0000000745600000|  0%| F|  |TAMS 0x0000000745400000, 0x0000000745400000| Untracked 
|  11|0x0000000745600000, 0x0000000745600000, 0x0000000745800000|  0%| F|  |TAMS 0x0000000745600000, 0x0000000745600000| Untracked 
|  12|0x0000000745800000, 0x0000000745a00000, 0x0000000745a00000|100%| O|  |TAMS 0x0000000745a00000, 0x0000000745800000| Untracked 
|  13|0x0000000745a00000, 0x0000000745a00000, 0x0000000745c00000|  0%| F|  |TAMS 0x0000000745a00000, 0x0000000745a00000| Untracked 
|  14|0x0000000745c00000, 0x0000000745e00000, 0x0000000745e00000|100%| O|  |TAMS 0x0000000745e00000, 0x0000000745c00000| Untracked 
|  15|0x0000000745e00000, 0x0000000746000000, 0x0000000746000000|100%| O|  |TAMS 0x0000000746000000, 0x0000000745e00000| Untracked 
|  16|0x0000000746000000, 0x0000000746200000, 0x0000000746200000|100%| O|  |TAMS 0x0000000746200000, 0x0000000746000000| Untracked 
|  17|0x0000000746200000, 0x0000000746400000, 0x0000000746400000|100%| O|  |TAMS 0x0000000746400000, 0x0000000746200000| Untracked 
|  18|0x0000000746400000, 0x0000000746600000, 0x0000000746600000|100%| O|  |TAMS 0x0000000746600000, 0x0000000746400000| Untracked 
|  19|0x0000000746600000, 0x0000000746800000, 0x0000000746800000|100%| O|  |TAMS 0x0000000746800000, 0x0000000746600000| Untracked 
|  20|0x0000000746800000, 0x0000000746a00000, 0x0000000746a00000|100%| O|  |TAMS 0x0000000746a00000, 0x0000000746800000| Untracked 
|  21|0x0000000746a00000, 0x0000000746c00000, 0x0000000746c00000|100%|HS|  |TAMS 0x0000000746c00000, 0x0000000746a00000| Complete 
|  22|0x0000000746c00000, 0x0000000746e00000, 0x0000000746e00000|100%| O|  |TAMS 0x0000000746e00000, 0x0000000746c00000| Untracked 
|  23|0x0000000746e00000, 0x0000000747000000, 0x0000000747000000|100%| O|  |TAMS 0x0000000747000000, 0x0000000746e00000| Untracked 
|  24|0x0000000747000000, 0x0000000747200000, 0x0000000747200000|100%| O|  |TAMS 0x00000007470fb400, 0x0000000747000000| Untracked 
|  25|0x0000000747200000, 0x0000000747400000, 0x0000000747400000|100%| O|  |TAMS 0x0000000747200000, 0x0000000747200000| Untracked 
|  26|0x0000000747400000, 0x0000000747600000, 0x0000000747600000|100%| O|  |TAMS 0x0000000747400000, 0x0000000747400000| Untracked 
|  27|0x0000000747600000, 0x0000000747800000, 0x0000000747800000|100%| O|  |TAMS 0x0000000747600000, 0x0000000747600000| Untracked 
|  28|0x0000000747800000, 0x0000000747a00000, 0x0000000747a00000|100%| O|  |TAMS 0x0000000747800000, 0x0000000747800000| Untracked 
|  29|0x0000000747a00000, 0x0000000747a00000, 0x0000000747c00000|  0%| F|  |TAMS 0x0000000747a00000, 0x0000000747a00000| Untracked 
|  30|0x0000000747c00000, 0x0000000747c00000, 0x0000000747e00000|  0%| F|  |TAMS 0x0000000747c00000, 0x0000000747c00000| Untracked 
|  31|0x0000000747e00000, 0x0000000747e00000, 0x0000000748000000|  0%| F|  |TAMS 0x0000000747e00000, 0x0000000747e00000| Untracked 
|  32|0x0000000748000000, 0x0000000748000000, 0x0000000748200000|  0%| F|  |TAMS 0x0000000748000000, 0x0000000748000000| Untracked 
|  33|0x0000000748200000, 0x0000000748200000, 0x0000000748400000|  0%| F|  |TAMS 0x0000000748200000, 0x0000000748200000| Untracked 
|  34|0x0000000748400000, 0x0000000748400000, 0x0000000748600000|  0%| F|  |TAMS 0x0000000748400000, 0x0000000748400000| Untracked 
|  35|0x0000000748600000, 0x0000000748600000, 0x0000000748800000|  0%| F|  |TAMS 0x0000000748600000, 0x0000000748600000| Untracked 
|  36|0x0000000748800000, 0x0000000748800000, 0x0000000748a00000|  0%| F|  |TAMS 0x0000000748800000, 0x0000000748800000| Untracked 
|  37|0x0000000748a00000, 0x0000000748a00000, 0x0000000748c00000|  0%| F|  |TAMS 0x0000000748a00000, 0x0000000748a00000| Untracked 
|  38|0x0000000748c00000, 0x0000000748c00000, 0x0000000748e00000|  0%| F|  |TAMS 0x0000000748c00000, 0x0000000748c00000| Untracked 
|  39|0x0000000748e00000, 0x0000000748e00000, 0x0000000749000000|  0%| F|  |TAMS 0x0000000748e00000, 0x0000000748e00000| Untracked 
|  40|0x0000000749000000, 0x0000000749000000, 0x0000000749200000|  0%| F|  |TAMS 0x0000000749000000, 0x0000000749000000| Untracked 
|  41|0x0000000749200000, 0x0000000749200000, 0x0000000749400000|  0%| F|  |TAMS 0x0000000749200000, 0x0000000749200000| Untracked 
|  42|0x0000000749400000, 0x0000000749400000, 0x0000000749600000|  0%| F|  |TAMS 0x0000000749400000, 0x0000000749400000| Untracked 
|  43|0x0000000749600000, 0x0000000749600000, 0x0000000749800000|  0%| F|  |TAMS 0x0000000749600000, 0x0000000749600000| Untracked 
|  44|0x0000000749800000, 0x0000000749800000, 0x0000000749a00000|  0%| F|  |TAMS 0x0000000749800000, 0x0000000749800000| Untracked 
|  45|0x0000000749a00000, 0x0000000749a00000, 0x0000000749c00000|  0%| F|  |TAMS 0x0000000749a00000, 0x0000000749a00000| Untracked 
|  46|0x0000000749c00000, 0x0000000749c00000, 0x0000000749e00000|  0%| F|  |TAMS 0x0000000749c00000, 0x0000000749c00000| Untracked 
|  47|0x0000000749e00000, 0x0000000749e00000, 0x000000074a000000|  0%| F|  |TAMS 0x0000000749e00000, 0x0000000749e00000| Untracked 
|  48|0x000000074a000000, 0x000000074a000000, 0x000000074a200000|  0%| F|  |TAMS 0x000000074a000000, 0x000000074a000000| Untracked 
|  49|0x000000074a200000, 0x000000074a200000, 0x000000074a400000|  0%| F|  |TAMS 0x000000074a200000, 0x000000074a200000| Untracked 
|  50|0x000000074a400000, 0x000000074a400000, 0x000000074a600000|  0%| F|  |TAMS 0x000000074a400000, 0x000000074a400000| Untracked 
|  51|0x000000074a600000, 0x000000074a600000, 0x000000074a800000|  0%| F|  |TAMS 0x000000074a600000, 0x000000074a600000| Untracked 
|  52|0x000000074a800000, 0x000000074a800000, 0x000000074aa00000|  0%| F|  |TAMS 0x000000074a800000, 0x000000074a800000| Untracked 
|  53|0x000000074aa00000, 0x000000074aa00000, 0x000000074ac00000|  0%| F|  |TAMS 0x000000074aa00000, 0x000000074aa00000| Untracked 
|  54|0x000000074ac00000, 0x000000074ac00000, 0x000000074ae00000|  0%| F|  |TAMS 0x000000074ac00000, 0x000000074ac00000| Untracked 
|  55|0x000000074ae00000, 0x000000074ae00000, 0x000000074b000000|  0%| F|  |TAMS 0x000000074ae00000, 0x000000074ae00000| Untracked 
|  56|0x000000074b000000, 0x000000074b000000, 0x000000074b200000|  0%| F|  |TAMS 0x000000074b000000, 0x000000074b000000| Untracked 
|  57|0x000000074b200000, 0x000000074b200000, 0x000000074b400000|  0%| F|  |TAMS 0x000000074b200000, 0x000000074b200000| Untracked 
|  58|0x000000074b400000, 0x000000074b400000, 0x000000074b600000|  0%| F|  |TAMS 0x000000074b400000, 0x000000074b400000| Untracked 
|  59|0x000000074b600000, 0x000000074b600000, 0x000000074b800000|  0%| F|  |TAMS 0x000000074b600000, 0x000000074b600000| Untracked 
|  60|0x000000074b800000, 0x000000074b800000, 0x000000074ba00000|  0%| F|  |TAMS 0x000000074b800000, 0x000000074b800000| Untracked 
|  61|0x000000074ba00000, 0x000000074ba00000, 0x000000074bc00000|  0%| F|  |TAMS 0x000000074ba00000, 0x000000074ba00000| Untracked 
|  62|0x000000074bc00000, 0x000000074bc00000, 0x000000074be00000|  0%| F|  |TAMS 0x000000074bc00000, 0x000000074bc00000| Untracked 
|  63|0x000000074be00000, 0x000000074be00000, 0x000000074c000000|  0%| F|  |TAMS 0x000000074be00000, 0x000000074be00000| Untracked 
|  64|0x000000074c000000, 0x000000074c000000, 0x000000074c200000|  0%| F|  |TAMS 0x000000074c000000, 0x000000074c000000| Untracked 
|  65|0x000000074c200000, 0x000000074c200000, 0x000000074c400000|  0%| F|  |TAMS 0x000000074c200000, 0x000000074c200000| Untracked 
|  66|0x000000074c400000, 0x000000074c400000, 0x000000074c600000|  0%| F|  |TAMS 0x000000074c400000, 0x000000074c400000| Untracked 
|  67|0x000000074c600000, 0x000000074c600000, 0x000000074c800000|  0%| F|  |TAMS 0x000000074c600000, 0x000000074c600000| Untracked 
|  68|0x000000074c800000, 0x000000074c800000, 0x000000074ca00000|  0%| F|  |TAMS 0x000000074c800000, 0x000000074c800000| Untracked 
|  69|0x000000074ca00000, 0x000000074ca00000, 0x000000074cc00000|  0%| F|  |TAMS 0x000000074ca00000, 0x000000074ca00000| Untracked 
|  70|0x000000074cc00000, 0x000000074cc00000, 0x000000074ce00000|  0%| F|  |TAMS 0x000000074cc00000, 0x000000074cc00000| Untracked 
|  71|0x000000074ce00000, 0x000000074ce00000, 0x000000074d000000|  0%| F|  |TAMS 0x000000074ce00000, 0x000000074ce00000| Untracked 
|  72|0x000000074d000000, 0x000000074d000000, 0x000000074d200000|  0%| F|  |TAMS 0x000000074d000000, 0x000000074d000000| Untracked 
|  73|0x000000074d200000, 0x000000074d200000, 0x000000074d400000|  0%| F|  |TAMS 0x000000074d200000, 0x000000074d200000| Untracked 
|  74|0x000000074d400000, 0x000000074d400000, 0x000000074d600000|  0%| F|  |TAMS 0x000000074d400000, 0x000000074d400000| Untracked 
|  75|0x000000074d600000, 0x000000074d600000, 0x000000074d800000|  0%| F|  |TAMS 0x000000074d600000, 0x000000074d600000| Untracked 
|  76|0x000000074d800000, 0x000000074d800000, 0x000000074da00000|  0%| F|  |TAMS 0x000000074d800000, 0x000000074d800000| Untracked 
|  77|0x000000074da00000, 0x000000074da00000, 0x000000074dc00000|  0%| F|  |TAMS 0x000000074da00000, 0x000000074da00000| Untracked 
|  78|0x000000074dc00000, 0x000000074dc00000, 0x000000074de00000|  0%| F|  |TAMS 0x000000074dc00000, 0x000000074dc00000| Untracked 
|  79|0x000000074de00000, 0x000000074de00000, 0x000000074e000000|  0%| F|  |TAMS 0x000000074de00000, 0x000000074de00000| Untracked 
|  80|0x000000074e000000, 0x000000074e000000, 0x000000074e200000|  0%| F|  |TAMS 0x000000074e000000, 0x000000074e000000| Untracked 
|  81|0x000000074e200000, 0x000000074e200000, 0x000000074e400000|  0%| F|  |TAMS 0x000000074e200000, 0x000000074e200000| Untracked 
|  82|0x000000074e400000, 0x000000074e400000, 0x000000074e600000|  0%| F|  |TAMS 0x000000074e400000, 0x000000074e400000| Untracked 
|  83|0x000000074e600000, 0x000000074e600000, 0x000000074e800000|  0%| F|  |TAMS 0x000000074e600000, 0x000000074e600000| Untracked 
|  84|0x000000074e800000, 0x000000074e8f6458, 0x000000074ea00000| 48%| E|  |TAMS 0x000000074e800000, 0x000000074e800000| Complete 
|  85|0x000000074ea00000, 0x000000074ec00000, 0x000000074ec00000|100%| E|CS|TAMS 0x000000074ea00000, 0x000000074ea00000| Complete 
|  86|0x000000074ec00000, 0x000000074ee00000, 0x000000074ee00000|100%| E|CS|TAMS 0x000000074ec00000, 0x000000074ec00000| Complete 
|  87|0x000000074ee00000, 0x000000074f000000, 0x000000074f000000|100%| E|CS|TAMS 0x000000074ee00000, 0x000000074ee00000| Complete 
|  88|0x000000074f000000, 0x000000074f200000, 0x000000074f200000|100%| E|CS|TAMS 0x000000074f000000, 0x000000074f000000| Complete 
|  89|0x000000074f200000, 0x000000074f400000, 0x000000074f400000|100%| E|CS|TAMS 0x000000074f200000, 0x000000074f200000| Complete 
|  90|0x000000074f400000, 0x000000074f600000, 0x000000074f600000|100%| E|CS|TAMS 0x000000074f400000, 0x000000074f400000| Complete 
|  91|0x000000074f600000, 0x000000074f800000, 0x000000074f800000|100%| E|CS|TAMS 0x000000074f600000, 0x000000074f600000| Complete 
|  92|0x000000074f800000, 0x000000074fa00000, 0x000000074fa00000|100%| E|  |TAMS 0x000000074f800000, 0x000000074f800000| Complete 
|  93|0x000000074fa00000, 0x000000074fc00000, 0x000000074fc00000|100%| E|CS|TAMS 0x000000074fa00000, 0x000000074fa00000| Complete 
|  94|0x000000074fc00000, 0x000000074fe00000, 0x000000074fe00000|100%| E|CS|TAMS 0x000000074fc00000, 0x000000074fc00000| Complete 
|  95|0x000000074fe00000, 0x0000000750000000, 0x0000000750000000|100%| E|CS|TAMS 0x000000074fe00000, 0x000000074fe00000| Complete 
|  96|0x0000000750000000, 0x0000000750200000, 0x0000000750200000|100%| E|CS|TAMS 0x0000000750000000, 0x0000000750000000| Complete 
|  97|0x0000000750200000, 0x0000000750400000, 0x0000000750400000|100%| E|CS|TAMS 0x0000000750200000, 0x0000000750200000| Complete 
|  98|0x0000000750400000, 0x0000000750600000, 0x0000000750600000|100%| E|CS|TAMS 0x0000000750400000, 0x0000000750400000| Complete 
|1502|0x00000007ffc00000, 0x00000007ffc6c9b0, 0x00000007ffe00000| 21%| S|CS|TAMS 0x00000007ffc00000, 0x00000007ffc00000| Complete 
|1503|0x00000007ffe00000, 0x0000000800000000, 0x0000000800000000|100%| E|CS|TAMS 0x00000007ffe00000, 0x00000007ffe00000| Complete 

Card table byte_map: [0x00000177b59f0000,0x00000177b5fd0000] _byte_map_base: 0x00000177b1fd0000

Marking Bits (Prev, Next): (CMBitMap*) 0x000001779e80d9d0, (CMBitMap*) 0x000001779e80da10
 Prev Bits: [0x00000177b65b0000, 0x00000177b94b0000)
 Next Bits: [0x00000177b94b0000, 0x00000177bc3b0000)

Polling page: 0x000001779c730000

Metaspace:

Usage:
  Non-class:     28.97 MB used.
      Class:      3.47 MB used.
       Both:     32.44 MB used.

Virtual space:
  Non-class space:       64.00 MB reserved,      29.25 MB ( 46%) committed,  1 nodes.
      Class space:        1.00 GB reserved,       3.75 MB ( <1%) committed,  1 nodes.
             Both:        1.06 GB reserved,      33.00 MB (  3%) committed. 

Chunk freelists:
   Non-Class:  2.13 MB
       Class:  190.00 KB
        Both:  2.31 MB

MaxMetaspaceSize: unlimited
CompressedClassSpaceSize: 1.00 GB
Initial GC threshold: 21.00 MB
Current GC threshold: 52.00 MB
CDS: on
MetaspaceReclaimPolicy: balanced
 - commit_granule_bytes: 65536.
 - commit_granule_words: 8192.
 - virtual_space_node_default_size: 8388608.
 - enlarge_chunks_in_place: 1.
 - new_chunks_are_fully_committed: 0.
 - uncommit_free_chunks: 1.
 - use_allocation_guard: 0.


Internal statistics:

num_allocs_failed_limit: 3.
num_arena_births: 646.
num_arena_deaths: 0.
num_vsnodes_births: 2.
num_vsnodes_deaths: 0.
num_space_committed: 528.
num_space_uncommitted: 0.
num_chunks_returned_to_freelist: 3.
num_chunks_taken_from_freelist: 1934.
num_chunk_merges: 3.
num_chunk_splits: 1318.
num_chunks_enlarged: 961.
num_inconsistent_stats: 0.

CodeHeap 'non-profiled nmethods': size=120000Kb used=3956Kb max_used=3956Kb free=116044Kb
 bounds [0x00000177adbb0000, 0x00000177adf90000, 0x00000177b50e0000]
CodeHeap 'profiled nmethods': size=120000Kb used=16490Kb max_used=16490Kb free=103510Kb
 bounds [0x00000177a6680000, 0x00000177a76a0000, 0x00000177adbb0000]
CodeHeap 'non-nmethods': size=5760Kb used=1266Kb max_used=1356Kb free=4493Kb
 bounds [0x00000177a60e0000, 0x00000177a6350000, 0x00000177a6680000]
 total_blobs=8215 nmethods=7658 adapters=469
 compilation: enabled
              stopped_count=0, restarted_count=0
 full_count=0

Compilation events (20 events):
Event: 16.833 Thread 0x00000177beda3360 8639   !   3       java.util.zip.Deflater::setInput (56 bytes)
Event: 16.833 Thread 0x00000177beda3360 nmethod 8639 0x00000177a7695290 code [0x00000177a7695460, 0x00000177a7695848]
Event: 16.833 Thread 0x00000177beda3360 8633       3       java.util.zip.Deflater::ensureOpen (47 bytes)
Event: 16.833 Thread 0x00000177beda3360 nmethod 8633 0x00000177a7695a10 code [0x00000177a7695bc0, 0x00000177a7695e28]
Event: 16.833 Thread 0x00000177beda3360 8637       3       java.util.zip.Deflater::deflate (9 bytes)
Event: 16.834 Thread 0x00000177beda3360 nmethod 8637 0x00000177a7695f10 code [0x00000177a76960a0, 0x00000177a76961e8]
Event: 16.837 Thread 0x00000177beda3360 8640       3       java.util.Arrays::binarySearch (9 bytes)
Event: 16.837 Thread 0x00000177beda3360 nmethod 8640 0x00000177a7696290 code [0x00000177a7696420, 0x00000177a7696548]
Event: 16.837 Thread 0x00000177beda3360 8641       3       java.util.Arrays::binarySearch0 (72 bytes)
Event: 16.838 Thread 0x00000177beda3360 nmethod 8641 0x00000177a7696610 code [0x00000177a76967c0, 0x00000177a7696a58]
Event: 16.845 Thread 0x00000177beda3360 8642       3       java.lang.ProcessEnvironment$CheckedEntrySet$1::next (20 bytes)
Event: 16.846 Thread 0x00000177beda3360 nmethod 8642 0x00000177a7696b90 code [0x00000177a7696d60, 0x00000177a76971c8]
Event: 16.846 Thread 0x00000177beda3360 8646       3       java.lang.ProcessEnvironment$NameComparator::compare (90 bytes)
Event: 16.849 Thread 0x00000177beda3360 nmethod 8646 0x00000177a7697310 code [0x00000177a7697620, 0x00000177a76988b8]
Event: 16.849 Thread 0x00000177beda3360 8645       3       java.lang.ProcessEnvironment$CheckedEntry::getKey (5 bytes)
Event: 16.849 Thread 0x00000177beda3360 nmethod 8645 0x00000177a7699090 code [0x00000177a7699240, 0x00000177a7699588]
Event: 16.849 Thread 0x00000177beda3360 8644       3       java.lang.ProcessEnvironment$CheckedEntry::getKey (13 bytes)
Event: 16.849 Thread 0x00000177beda3360 nmethod 8644 0x00000177a7699690 code [0x00000177a7699840, 0x00000177a7699b08]
Event: 16.849 Thread 0x00000177beda3360 8643       3       java.lang.ProcessEnvironment$CheckedEntry::<init> (10 bytes)
Event: 16.849 Thread 0x00000177beda3360 nmethod 8643 0x00000177a7699c10 code [0x00000177a7699da0, 0x00000177a7699f58]

GC Heap History (20 events):
Event: 10.387 GC heap before
{Heap before GC invocations=10 (full 0):
 garbage-first heap   total 77824K, used 56797K [0x0000000744000000, 0x0000000800000000)
  region size 2048K, 13 young (26624K), 1 survivors (2048K)
 Metaspace       used 27227K, committed 27712K, reserved 1114112K
  class space    used 2970K, committed 3200K, reserved 1048576K
}
Event: 10.393 GC heap after
{Heap after GC invocations=11 (full 0):
 garbage-first heap   total 94208K, used 34622K [0x0000000744000000, 0x0000000800000000)
  region size 2048K, 1 young (2048K), 1 survivors (2048K)
 Metaspace       used 27227K, committed 27712K, reserved 1114112K
  class space    used 2970K, committed 3200K, reserved 1048576K
}
Event: 10.626 GC heap before
{Heap before GC invocations=11 (full 0):
 garbage-first heap   total 94208K, used 71486K [0x0000000744000000, 0x0000000800000000)
  region size 2048K, 19 young (38912K), 1 survivors (2048K)
 Metaspace       used 27374K, committed 27904K, reserved 1114112K
  class space    used 2978K, committed 3200K, reserved 1048576K
}
Event: 10.633 GC heap after
{Heap after GC invocations=12 (full 0):
 garbage-first heap   total 94208K, used 35109K [0x0000000744000000, 0x0000000800000000)
  region size 2048K, 1 young (2048K), 1 survivors (2048K)
 Metaspace       used 27374K, committed 27904K, reserved 1114112K
  class space    used 2978K, committed 3200K, reserved 1048576K
}
Event: 11.166 GC heap before
{Heap before GC invocations=12 (full 0):
 garbage-first heap   total 94208K, used 74021K [0x0000000744000000, 0x0000000800000000)
  region size 2048K, 20 young (40960K), 1 survivors (2048K)
 Metaspace       used 27696K, committed 28160K, reserved 1114112K
  class space    used 2985K, committed 3200K, reserved 1048576K
}
Event: 11.176 GC heap after
{Heap after GC invocations=13 (full 0):
 garbage-first heap   total 94208K, used 35483K [0x0000000744000000, 0x0000000800000000)
  region size 2048K, 2 young (4096K), 2 survivors (4096K)
 Metaspace       used 27696K, committed 28160K, reserved 1114112K
  class space    used 2985K, committed 3200K, reserved 1048576K
}
Event: 12.685 GC heap before
{Heap before GC invocations=13 (full 0):
 garbage-first heap   total 94208K, used 70299K [0x0000000744000000, 0x0000000800000000)
  region size 2048K, 20 young (40960K), 2 survivors (4096K)
 Metaspace       used 29691K, committed 30272K, reserved 1114112K
  class space    used 3215K, committed 3520K, reserved 1048576K
}
Event: 12.709 GC heap after
{Heap after GC invocations=14 (full 0):
 garbage-first heap   total 94208K, used 41733K [0x0000000744000000, 0x0000000800000000)
  region size 2048K, 3 young (6144K), 3 survivors (6144K)
 Metaspace       used 29691K, committed 30272K, reserved 1114112K
  class space    used 3215K, committed 3520K, reserved 1048576K
}
Event: 13.459 GC heap before
{Heap before GC invocations=14 (full 0):
 garbage-first heap   total 94208K, used 70405K [0x0000000744000000, 0x0000000800000000)
  region size 2048K, 18 young (36864K), 3 survivors (6144K)
 Metaspace       used 29751K, committed 30336K, reserved 1114112K
  class space    used 3216K, committed 3520K, reserved 1048576K
}
Event: 13.494 GC heap after
{Heap after GC invocations=15 (full 0):
 garbage-first heap   total 114688K, used 51379K [0x0000000744000000, 0x0000000800000000)
  region size 2048K, 3 young (6144K), 3 survivors (6144K)
 Metaspace       used 29751K, committed 30336K, reserved 1114112K
  class space    used 3216K, committed 3520K, reserved 1048576K
}
Event: 14.322 GC heap before
{Heap before GC invocations=15 (full 0):
 garbage-first heap   total 114688K, used 82099K [0x0000000744000000, 0x0000000800000000)
  region size 2048K, 18 young (36864K), 3 survivors (6144K)
 Metaspace       used 30248K, committed 30784K, reserved 1114112K
  class space    used 3260K, committed 3520K, reserved 1048576K
}
Event: 14.338 GC heap after
{Heap after GC invocations=16 (full 0):
 garbage-first heap   total 114688K, used 59745K [0x0000000744000000, 0x0000000800000000)
  region size 2048K, 3 young (6144K), 3 survivors (6144K)
 Metaspace       used 30248K, committed 30784K, reserved 1114112K
  class space    used 3260K, committed 3520K, reserved 1048576K
}
Event: 15.194 GC heap before
{Heap before GC invocations=16 (full 0):
 garbage-first heap   total 114688K, used 82273K [0x0000000744000000, 0x0000000800000000)
  region size 2048K, 15 young (30720K), 3 survivors (6144K)
 Metaspace       used 31291K, committed 31872K, reserved 1114112K
  class space    used 3386K, committed 3712K, reserved 1048576K
}
Event: 15.212 GC heap after
{Heap after GC invocations=17 (full 0):
 garbage-first heap   total 114688K, used 60481K [0x0000000744000000, 0x0000000800000000)
  region size 2048K, 1 young (2048K), 1 survivors (2048K)
 Metaspace       used 31291K, committed 31872K, reserved 1114112K
  class space    used 3386K, committed 3712K, reserved 1048576K
}
Event: 16.109 GC heap before
{Heap before GC invocations=18 (full 0):
 garbage-first heap   total 116736K, used 87105K [0x0000000744000000, 0x0000000800000000)
  region size 2048K, 14 young (28672K), 1 survivors (2048K)
 Metaspace       used 31529K, committed 32128K, reserved 1114112K
  class space    used 3394K, committed 3712K, reserved 1048576K
}
Event: 16.119 GC heap after
{Heap after GC invocations=19 (full 0):
 garbage-first heap   total 116736K, used 61463K [0x0000000744000000, 0x0000000800000000)
  region size 2048K, 1 young (2048K), 1 survivors (2048K)
 Metaspace       used 31529K, committed 32128K, reserved 1114112K
  class space    used 3394K, committed 3712K, reserved 1048576K
}
Event: 16.216 GC heap before
{Heap before GC invocations=19 (full 0):
 garbage-first heap   total 116736K, used 63511K [0x0000000744000000, 0x0000000800000000)
  region size 2048K, 2 young (4096K), 1 survivors (2048K)
 Metaspace       used 31664K, committed 32256K, reserved 1114112K
  class space    used 3402K, committed 3712K, reserved 1048576K
}
Event: 16.240 GC heap after
{Heap after GC invocations=20 (full 0):
 garbage-first heap   total 116736K, used 51172K [0x0000000744000000, 0x0000000800000000)
  region size 2048K, 1 young (2048K), 1 survivors (2048K)
 Metaspace       used 31664K, committed 32256K, reserved 1114112K
  class space    used 3402K, committed 3712K, reserved 1048576K
}
Event: 16.298 GC heap before
{Heap before GC invocations=20 (full 0):
 garbage-first heap   total 116736K, used 53220K [0x0000000744000000, 0x0000000800000000)
  region size 2048K, 2 young (4096K), 1 survivors (2048K)
 Metaspace       used 31852K, committed 32448K, reserved 1114112K
  class space    used 3425K, committed 3712K, reserved 1048576K
}
Event: 16.311 GC heap after
{Heap after GC invocations=21 (full 0):
 garbage-first heap   total 206848K, used 49814K [0x0000000744000000, 0x0000000800000000)
  region size 2048K, 1 young (2048K), 1 survivors (2048K)
 Metaspace       used 31852K, committed 32448K, reserved 1114112K
  class space    used 3425K, committed 3712K, reserved 1048576K
}

Deoptimization events (20 events):
Event: 16.434 Thread 0x000001779e7b08f0 DEOPT PACKING pc=0x00000177adf7b1cc sp=0x0000006def2fcad0
Event: 16.434 Thread 0x000001779e7b08f0 DEOPT UNPACKING pc=0x00000177a6135c23 sp=0x0000006def2fca60 mode 2
Event: 16.493 Thread 0x000001779e7b08f0 Uncommon trap: trap_request=0xffffff76 fr.pc=0x00000177adf892b0 relative=0x0000000000000210
Event: 16.493 Thread 0x000001779e7b08f0 Uncommon trap: reason=predicate action=maybe_recompile pc=0x00000177adf892b0 method=java.util.HashMap.keysToArray([Ljava/lang/Object;)[Ljava/lang/Object; @ 48 c2
Event: 16.493 Thread 0x000001779e7b08f0 DEOPT PACKING pc=0x00000177adf892b0 sp=0x0000006def2fca30
Event: 16.493 Thread 0x000001779e7b08f0 DEOPT UNPACKING pc=0x00000177a6135c23 sp=0x0000006def2fc9c8 mode 2
Event: 16.555 Thread 0x00000177c4c69160 Uncommon trap: trap_request=0xffffff45 fr.pc=0x00000177addbe234 relative=0x0000000000000034
Event: 16.555 Thread 0x00000177c4c69160 Uncommon trap: reason=unstable_if action=reinterpret pc=0x00000177addbe234 method=java.util.concurrent.locks.AbstractQueuedSynchronizer.signalNext(Ljava/util/concurrent/locks/AbstractQueuedSynchronizer$Node;)V @ 1 c2
Event: 16.555 Thread 0x00000177c4c69160 DEOPT PACKING pc=0x00000177addbe234 sp=0x0000006df12ff2b0
Event: 16.555 Thread 0x00000177c4c69160 DEOPT UNPACKING pc=0x00000177a6135c23 sp=0x0000006df12ff248 mode 2
Event: 16.563 Thread 0x000001779e7b08f0 DEOPT PACKING pc=0x00000177a6c90883 sp=0x0000006def2fc700
Event: 16.563 Thread 0x000001779e7b08f0 DEOPT UNPACKING pc=0x00000177a6136763 sp=0x0000006def2fbb70 mode 0
Event: 16.638 Thread 0x000001779e7b08f0 DEOPT PACKING pc=0x00000177a75677b2 sp=0x0000006def2fcb30
Event: 16.638 Thread 0x000001779e7b08f0 DEOPT UNPACKING pc=0x00000177a6136763 sp=0x0000006def2fbff8 mode 0
Event: 16.715 Thread 0x00000177c51c2b90 DEOPT PACKING pc=0x00000177a70664b9 sp=0x0000006df11fed40
Event: 16.715 Thread 0x00000177c51c2b90 DEOPT UNPACKING pc=0x00000177a6136763 sp=0x0000006df11fe198 mode 3
Event: 16.721 Thread 0x000001779e7b08f0 DEOPT PACKING pc=0x00000177a6730972 sp=0x0000006def2fdc90
Event: 16.721 Thread 0x000001779e7b08f0 DEOPT UNPACKING pc=0x00000177a6136763 sp=0x0000006def2fd120 mode 0
Event: 16.825 Thread 0x000001779e7b08f0 DEOPT PACKING pc=0x00000177a6743f82 sp=0x0000006def2fd970
Event: 16.825 Thread 0x000001779e7b08f0 DEOPT UNPACKING pc=0x00000177a6136763 sp=0x0000006def2fcd88 mode 0

Classes loaded (20 events):
Event: 16.832 Loading class java/util/concurrent/ArrayBlockingQueue
Event: 16.833 Loading class java/util/concurrent/ArrayBlockingQueue done
Event: 16.836 Loading class java/util/DualPivotQuicksort
Event: 16.837 Loading class java/util/DualPivotQuicksort done
Event: 16.841 Loading class java/lang/IllegalThreadStateException
Event: 16.841 Loading class java/lang/IllegalThreadStateException done
Event: 16.843 Loading class java/lang/ProcessBuilder
Event: 16.844 Loading class java/lang/ProcessBuilder done
Event: 16.844 Loading class java/lang/ProcessImpl
Event: 16.844 Loading class java/lang/Process
Event: 16.845 Loading class java/lang/Process done
Event: 16.845 Loading class java/lang/ProcessImpl done
Event: 16.868 Loading class java/lang/ProcessImpl$2
Event: 16.868 Loading class java/lang/ProcessImpl$2 done
Event: 16.868 Loading class java/lang/Process$PipeInputStream
Event: 16.868 Loading class java/lang/Process$PipeInputStream done
Event: 16.869 Loading class jdk/internal/event/ProcessStartEvent
Event: 16.869 Loading class jdk/internal/event/Event
Event: 16.870 Loading class jdk/internal/event/Event done
Event: 16.870 Loading class jdk/internal/event/ProcessStartEvent done

Classes unloaded (0 events):
No events

Classes redefined (0 events):
No events

Internal exceptions (20 events):
Event: 15.418 Thread 0x000001779e7b08f0 Exception <a 'sun/nio/fs/WindowsException'{0x000000074a90c3c8}> (0x000000074a90c3c8) 
thrown [s\open\src\hotspot\share\prims\jni.cpp, line 516]
Event: 15.418 Thread 0x000001779e7b08f0 Exception <a 'sun/nio/fs/WindowsException'{0x000000074a90c7a8}> (0x000000074a90c7a8) 
thrown [s\open\src\hotspot\share\prims\jni.cpp, line 516]
Event: 15.420 Thread 0x000001779e7b08f0 Exception <a 'sun/nio/fs/WindowsException'{0x000000074a92b058}> (0x000000074a92b058) 
thrown [s\open\src\hotspot\share\prims\jni.cpp, line 516]
Event: 15.420 Thread 0x000001779e7b08f0 Exception <a 'sun/nio/fs/WindowsException'{0x000000074a92b3e8}> (0x000000074a92b3e8) 
thrown [s\open\src\hotspot\share\prims\jni.cpp, line 516]
Event: 15.421 Thread 0x000001779e7b08f0 Exception <a 'sun/nio/fs/WindowsException'{0x000000074a973878}> (0x000000074a973878) 
thrown [s\open\src\hotspot\share\prims\jni.cpp, line 516]
Event: 15.422 Thread 0x000001779e7b08f0 Exception <a 'sun/nio/fs/WindowsException'{0x000000074a973c50}> (0x000000074a973c50) 
thrown [s\open\src\hotspot\share\prims\jni.cpp, line 516]
Event: 15.422 Thread 0x000001779e7b08f0 Exception <a 'sun/nio/fs/WindowsException'{0x000000074a975cb8}> (0x000000074a975cb8) 
thrown [s\open\src\hotspot\share\prims\jni.cpp, line 516]
Event: 15.422 Thread 0x000001779e7b08f0 Exception <a 'sun/nio/fs/WindowsException'{0x000000074a976158}> (0x000000074a976158) 
thrown [s\open\src\hotspot\share\prims\jni.cpp, line 516]
Event: 15.426 Thread 0x000001779e7b08f0 Exception <a 'sun/nio/fs/WindowsException'{0x000000074a9ab640}> (0x000000074a9ab640) 
thrown [s\open\src\hotspot\share\prims\jni.cpp, line 516]
Event: 15.426 Thread 0x000001779e7b08f0 Exception <a 'sun/nio/fs/WindowsException'{0x000000074a9abd50}> (0x000000074a9abd50) 
thrown [s\open\src\hotspot\share\prims\jni.cpp, line 516]
Event: 15.426 Thread 0x000001779e7b08f0 Exception <a 'sun/nio/fs/WindowsException'{0x000000074a9ac7a0}> (0x000000074a9ac7a0) 
thrown [s\open\src\hotspot\share\prims\jni.cpp, line 516]
Event: 16.363 Thread 0x00000177c6748420 Exception <a 'java/lang/NoSuchMethodError'{0x00000007fff7b758}: 'java.lang.Object java.lang.invoke.DirectMethodHandle$Holder.invokeStatic(java.lang.Object, java.lang.Object, long, java.lang.Object)'> (0x00000007fff7b758) 
thrown [s\open\src\hotspot\share\interpreter\linkResolver.cpp, line 759]
Event: 16.364 Thread 0x00000177c6748420 Exception <a 'java/lang/NoSuchMethodError'{0x00000007fff7ec80}: 'java.lang.Object java.lang.invoke.DirectMethodHandle$Holder.invokeStaticInit(java.lang.Object, java.lang.Object, long, java.lang.Object)'> (0x00000007fff7ec80) 
thrown [s\open\src\hotspot\share\interpreter\linkResolver.cpp, line 759]
Event: 16.365 Thread 0x00000177c6748420 Exception <a 'java/lang/NoSuchMethodError'{0x00000007fff85118}: 'java.lang.Object java.lang.invoke.DirectMethodHandle$Holder.newInvokeSpecial(java.lang.Object, java.lang.Object, long)'> (0x00000007fff85118) 
thrown [s\open\src\hotspot\share\interpreter\linkResolver.cpp, line 759]
Event: 16.365 Thread 0x00000177c6748420 Exception <a 'java/lang/NoSuchMethodError'{0x00000007fff88b60}: 'java.lang.Object java.lang.invoke.Invokers$Holder.linkToTargetMethod(java.lang.Object, long, java.lang.Object)'> (0x00000007fff88b60) 
thrown [s\open\src\hotspot\share\interpreter\linkResolver.cpp, line 759]
Event: 16.368 Thread 0x00000177c6748420 Exception <a 'java/lang/NoSuchMethodError'{0x00000007fff8c6e0}: 'long java.lang.invoke.DirectMethodHandle$Holder.invokeInterface(java.lang.Object, java.lang.Object)'> (0x00000007fff8c6e0) 
thrown [s\open\src\hotspot\share\interpreter\linkResolver.cpp, line 759]
Event: 16.369 Thread 0x000001779e7b08f0 Exception <a 'java/lang/NoSuchMethodError'{0x0000000750204ec0}: 'java.lang.String org.apache.maven.execution.MavenExecutionRequest.getFailureBehavior()'> (0x0000000750204ec0) 
thrown [s\open\src\hotspot\share\interpreter\linkResolver.cpp, line 855]
Event: 16.369 Thread 0x00000177c6748420 Exception <a 'java/lang/NoSuchMethodError'{0x00000007fff90040}: 'long java.lang.invoke.DelegatingMethodHandle$Holder.reinvoke_L(java.lang.Object, java.lang.Object)'> (0x00000007fff90040) 
thrown [s\open\src\hotspot\share\interpreter\linkResolver.cpp, line 759]
Event: 16.866 Thread 0x000001779e7b08f0 Exception <a 'java/lang/NoSuchMethodError'{0x000000074eb3b4a0}: 'void java.lang.invoke.DirectMethodHandle$Holder.invokeStatic(java.lang.Object, long)'> (0x000000074eb3b4a0) 
thrown [s\open\src\hotspot\share\interpreter\linkResolver.cpp, line 759]
Event: 16.867 Thread 0x000001779e7b08f0 Exception <a 'java/lang/NoSuchMethodError'{0x000000074eb40c48}: 'java.lang.Object java.lang.invoke.DirectMethodHandle$Holder.newInvokeSpecial(java.lang.Object, long)'> (0x000000074eb40c48) 
thrown [s\open\src\hotspot\share\interpreter\linkResolver.cpp, line 759]

VM Operations (20 events):
Event: 15.194 Executing VM operation: G1CollectForAllocation
Event: 15.212 Executing VM operation: G1CollectForAllocation done
Event: 15.288 Executing VM operation: G1Concurrent
Event: 15.324 Executing VM operation: G1Concurrent done
Event: 15.375 Executing VM operation: G1Concurrent
Event: 15.376 Executing VM operation: G1Concurrent done
Event: 15.656 Executing VM operation: HandshakeAllThreads
Event: 15.656 Executing VM operation: HandshakeAllThreads done
Event: 16.109 Executing VM operation: G1CollectForAllocation
Event: 16.119 Executing VM operation: G1CollectForAllocation done
Event: 16.215 Executing VM operation: G1CollectForAllocation
Event: 16.240 Executing VM operation: G1CollectForAllocation done
Event: 16.298 Executing VM operation: G1CollectForAllocation
Event: 16.312 Executing VM operation: G1CollectForAllocation done
Event: 16.340 Executing VM operation: HandshakeAllThreads
Event: 16.340 Executing VM operation: HandshakeAllThreads done
Event: 16.766 Executing VM operation: HandshakeAllThreads
Event: 16.766 Executing VM operation: HandshakeAllThreads done
Event: 16.869 Executing VM operation: HandshakeAllThreads
Event: 16.869 Executing VM operation: HandshakeAllThreads done

Events (20 events):
Event: 13.090 Thread 0x00000177c54f9010 Thread exited: 0x00000177c54f9010
Event: 13.188 Thread 0x00000177c7b379c0 Thread added: 0x00000177c7b379c0
Event: 13.634 Thread 0x00000177c7b379c0 Thread exited: 0x00000177c7b379c0
Event: 13.684 Thread 0x00000177c7b379c0 Thread added: 0x00000177c7b379c0
Event: 14.540 Thread 0x00000177c7b379c0 Thread exited: 0x00000177c7b379c0
Event: 15.022 Thread 0x00000177c556f850 Thread added: 0x00000177c556f850
Event: 15.656 Thread 0x00000177bedb5c40 flushing nmethod 0x00000177adbee990
Event: 16.343 Thread 0x00000177c6748420 Thread added: 0x00000177c6748420
Event: 16.371 Thread 0x00000177c6748420 Thread exited: 0x00000177c6748420
Event: 16.551 Thread 0x00000177c51c2b90 Thread added: 0x00000177c51c2b90
Event: 16.551 Thread 0x00000177c4c69160 Thread added: 0x00000177c4c69160
Event: 16.551 Thread 0x00000177c5c24710 Thread added: 0x00000177c5c24710
Event: 16.713 Thread 0x00000177c6451390 Thread added: 0x00000177c6451390
Event: 16.713 Thread 0x00000177c6450050 Thread added: 0x00000177c6450050
Event: 16.750 Thread 0x00000177c6452200 Thread added: 0x00000177c6452200
Event: 16.763 Thread 0x00000177c64509f0 Thread added: 0x00000177c64509f0
Event: 16.835 Thread 0x00000177c6453540 Thread added: 0x00000177c6453540
Event: 16.874 Thread 0x00000177c6451860 Thread added: 0x00000177c6451860
Event: 16.874 Thread 0x00000177c64526d0 Thread added: 0x00000177c64526d0
Event: 16.874 Thread 0x00000177c6451d30 Thread added: 0x00000177c6451d30


Dynamic libraries:
0x00007ff7aea00000 - 0x00007ff7aea10000 	C:\Program Files\Java\jdk-18.0.2.1\bin\java.exe
0x00007ff8ca030000 - 0x00007ff8ca244000 	C:\WINDOWS\SYSTEM32\ntdll.dll
0x00007ff8c9cf0000 - 0x00007ff8c9db3000 	C:\WINDOWS\System32\KERNEL32.DLL
0x00007ff8c7760000 - 0x00007ff8c7afc000 	C:\WINDOWS\System32\KERNELBASE.dll
0x00007ff8c7d20000 - 0x00007ff8c7e31000 	C:\WINDOWS\System32\ucrtbase.dll
0x00007ff8bb420000 - 0x00007ff8bb43a000 	C:\Program Files\Java\jdk-18.0.2.1\bin\VCRUNTIME140.dll
0x00007ff8bb400000 - 0x00007ff8bb418000 	C:\Program Files\Java\jdk-18.0.2.1\bin\jli.dll
0x00007ff8c7f60000 - 0x00007ff8c800e000 	C:\WINDOWS\System32\ADVAPI32.dll
0x00007ff8c9c40000 - 0x00007ff8c9ce7000 	C:\WINDOWS\System32\msvcrt.dll
0x00007ff8c8f30000 - 0x00007ff8c8fd4000 	C:\WINDOWS\System32\sechost.dll
0x00007ff8c7e40000 - 0x00007ff8c7f55000 	C:\WINDOWS\System32\RPCRT4.dll
0x00007ff8c9880000 - 0x00007ff8c9a2d000 	C:\WINDOWS\System32\USER32.dll
0x00007ff8c7b00000 - 0x00007ff8c7b26000 	C:\WINDOWS\System32\win32u.dll
0x00007ff8aa670000 - 0x00007ff8aa8fe000 	C:\WINDOWS\WinSxS\amd64_microsoft.windows.common-controls_6595b64144ccf1df_6.0.22621.608_none_a9444ca7c10bb01d\COMCTL32.dll
0x00007ff8c8320000 - 0x00007ff8c8349000 	C:\WINDOWS\System32\GDI32.dll
0x00007ff8c7510000 - 0x00007ff8c7622000 	C:\WINDOWS\System32\gdi32full.dll
0x00007ff8c7470000 - 0x00007ff8c750a000 	C:\WINDOWS\System32\msvcp_win.dll
0x00007ff8bd4b0000 - 0x00007ff8bd4ba000 	C:\WINDOWS\SYSTEM32\VERSION.dll
0x00007ff8c97d0000 - 0x00007ff8c9802000 	C:\WINDOWS\System32\IMM32.DLL
0x00007ff8bda60000 - 0x00007ff8bda6c000 	C:\Program Files\Java\jdk-18.0.2.1\bin\vcruntime140_1.dll
0x00007ff8a8450000 - 0x00007ff8a84dd000 	C:\Program Files\Java\jdk-18.0.2.1\bin\msvcp140.dll
0x00007ff865340000 - 0x00007ff865f51000 	C:\Program Files\Java\jdk-18.0.2.1\bin\server\jvm.dll
0x00007ff8c9c30000 - 0x00007ff8c9c38000 	C:\WINDOWS\System32\PSAPI.DLL
0x00007ff8bfea0000 - 0x00007ff8bfed4000 	C:\WINDOWS\SYSTEM32\WINMM.dll
0x00007ff8bfcd0000 - 0x00007ff8bfcd9000 	C:\WINDOWS\SYSTEM32\WSOCK32.dll
0x00007ff8c8930000 - 0x00007ff8c89a1000 	C:\WINDOWS\System32\WS2_32.dll
0x00007ff8c6490000 - 0x00007ff8c64a8000 	C:\WINDOWS\SYSTEM32\kernel.appcore.dll
0x00007ff8bd930000 - 0x00007ff8bd93a000 	C:\Program Files\Java\jdk-18.0.2.1\bin\jimage.dll
0x00007ff8c4da0000 - 0x00007ff8c4fce000 	C:\WINDOWS\SYSTEM32\DBGHELP.DLL
0x00007ff8c85a0000 - 0x00007ff8c892a000 	C:\WINDOWS\System32\combase.dll
0x00007ff8c8230000 - 0x00007ff8c8307000 	C:\WINDOWS\System32\OLEAUT32.dll
0x00007ff8bfe30000 - 0x00007ff8bfe62000 	C:\WINDOWS\SYSTEM32\dbgcore.DLL
0x00007ff8c7b30000 - 0x00007ff8c7bab000 	C:\WINDOWS\System32\bcryptPrimitives.dll
0x00007ff8bbac0000 - 0x00007ff8bbace000 	C:\Program Files\Java\jdk-18.0.2.1\bin\instrument.dll
0x00007ff8ba7e0000 - 0x00007ff8ba805000 	C:\Program Files\Java\jdk-18.0.2.1\bin\java.dll
0x00007ff8a5fa0000 - 0x00007ff8a6076000 	C:\Program Files\Java\jdk-18.0.2.1\bin\jsvml.dll
0x00007ff8c8fe0000 - 0x00007ff8c97cf000 	C:\WINDOWS\System32\SHELL32.dll
0x00007ff8c5440000 - 0x00007ff8c5d08000 	C:\WINDOWS\SYSTEM32\windows.storage.dll
0x00007ff8c5300000 - 0x00007ff8c543e000 	C:\WINDOWS\SYSTEM32\wintypes.dll
0x00007ff8c8e30000 - 0x00007ff8c8f21000 	C:\WINDOWS\System32\SHCORE.dll
0x00007ff8c9bb0000 - 0x00007ff8c9c0e000 	C:\WINDOWS\System32\shlwapi.dll
0x00007ff8c73a0000 - 0x00007ff8c73c1000 	C:\WINDOWS\SYSTEM32\profapi.dll
0x00007ff8ba130000 - 0x00007ff8ba148000 	C:\Program Files\Java\jdk-18.0.2.1\bin\zip.dll
0x00007ff8b73a0000 - 0x00007ff8b73b3000 	C:\Program Files\Java\jdk-18.0.2.1\bin\net.dll
0x00007ff8bf520000 - 0x00007ff8bf64f000 	C:\WINDOWS\SYSTEM32\WINHTTP.dll
0x00007ff8c6980000 - 0x00007ff8c69e9000 	C:\WINDOWS\system32\mswsock.dll
0x00007ff8b7380000 - 0x00007ff8b7396000 	C:\Program Files\Java\jdk-18.0.2.1\bin\nio.dll
0x00007ff8b7360000 - 0x00007ff8b737a000 	C:\Program Files\JetBrains\IntelliJ IDEA Community Edition 2022.3.2\bin\breakgen64.dll
0x00007ff8bb3f0000 - 0x00007ff8bb400000 	C:\Program Files\Java\jdk-18.0.2.1\bin\verify.dll
0x00007ff8c6bf0000 - 0x00007ff8c6c0b000 	C:\WINDOWS\SYSTEM32\CRYPTSP.dll
0x00007ff8c6400000 - 0x00007ff8c6435000 	C:\WINDOWS\system32\rsaenh.dll
0x00007ff8c6a90000 - 0x00007ff8c6ab8000 	C:\WINDOWS\SYSTEM32\USERENV.dll
0x00007ff8c6e30000 - 0x00007ff8c6e58000 	C:\WINDOWS\SYSTEM32\bcrypt.dll
0x00007ff8c6c10000 - 0x00007ff8c6c1c000 	C:\WINDOWS\SYSTEM32\CRYPTBASE.dll
0x00007ff8c5f60000 - 0x00007ff8c5f8d000 	C:\WINDOWS\SYSTEM32\IPHLPAPI.DLL
0x00007ff8c9870000 - 0x00007ff8c9879000 	C:\WINDOWS\System32\NSI.dll
0x00007ff8bf020000 - 0x00007ff8bf039000 	C:\WINDOWS\SYSTEM32\dhcpcsvc6.DLL
0x00007ff8bf000000 - 0x00007ff8bf01f000 	C:\WINDOWS\SYSTEM32\dhcpcsvc.DLL
0x00007ff8c5fd0000 - 0x00007ff8c60c3000 	C:\WINDOWS\SYSTEM32\DNSAPI.dll
0x00007ff8bace0000 - 0x00007ff8bacea000 	C:\Users\shams\AppData\Local\Temp\jansi-1.17.1-4223653538440328309.dll
0x00007ff8c64b0000 - 0x00007ff8c64e4000 	C:\WINDOWS\SYSTEM32\ntmarta.dll

dbghelp: loaded successfully - version: 4.0.5 - missing functions: none
symbol engine: initialized successfully - sym options: 0x614 - pdb path: .;C:\Program Files\Java\jdk-18.0.2.1\bin;C:\WINDOWS\SYSTEM32;C:\WINDOWS\WinSxS\amd64_microsoft.windows.common-controls_6595b64144ccf1df_6.0.22621.608_none_a9444ca7c10bb01d;C:\Program Files\Java\jdk-18.0.2.1\bin\server;C:\Program Files\JetBrains\IntelliJ IDEA Community Edition 2022.3.2\bin;C:\Users\shams\AppData\Local\Temp

VM Arguments:
jvm_args: -Dmaven.multiModuleProjectDirectory=C:\Users\shams\Downloads\SEProject-main\SEProject-main\java-springbootApp -Djansi.passthrough=true -Dmaven.home=C:\Program Files\JetBrains\IntelliJ IDEA Community Edition 2022.3.2\plugins\maven\lib\maven3 -Dclassworlds.conf=C:\Program Files\JetBrains\IntelliJ IDEA Community Edition 2022.3.2\plugins\maven\lib\maven3\bin\m2.conf -Dmaven.ext.class.path=C:\Program Files\JetBrains\IntelliJ IDEA Community Edition 2022.3.2\plugins\maven\lib\maven-event-listener.jar -javaagent:C:\Program Files\JetBrains\IntelliJ IDEA Community Edition 2022.3.2\lib\idea_rt.jar=52900:C:\Program Files\JetBrains\IntelliJ IDEA Community Edition 2022.3.2\bin -Dfile.encoding=UTF-8 -Dsun.stdout.encoding=UTF-8 -Dsun.stderr.encoding=UTF-8 
java_command: org.codehaus.classworlds.Launcher -Didea.version=2022.3.2 package
java_class_path (initial): C:\Program Files\JetBrains\IntelliJ IDEA Community Edition 2022.3.2\plugins\maven\lib\maven3\boot\plexus-classworlds-2.6.0.jar;C:\Program Files\JetBrains\IntelliJ IDEA Community Edition 2022.3.2\plugins\maven\lib\maven3\boot\plexus-classworlds.license
Launcher Type: SUN_STANDARD

[Global flags]
     intx CICompilerCount                          = 4                                         {product} {ergonomic}
     uint ConcGCThreads                            = 2                                         {product} {ergonomic}
     uint G1ConcRefinementThreads                  = 8                                         {product} {ergonomic}
   size_t G1HeapRegionSize                         = 2097152                                   {product} {ergonomic}
    uintx GCDrainStackTargetSize                   = 64                                        {product} {ergonomic}
   size_t InitialHeapSize                          = 197132288                                 {product} {ergonomic}
   size_t MarkStackSize                            = 4194304                                   {product} {ergonomic}
   size_t MaxHeapSize                              = 3154116608                                {product} {ergonomic}
   size_t MaxNewSize                               = 1891631104                                {product} {ergonomic}
   size_t MinHeapDeltaBytes                        = 2097152                                   {product} {ergonomic}
   size_t MinHeapSize                              = 8388608                                   {product} {ergonomic}
    uintx NonNMethodCodeHeapSize                   = 5839372                                {pd product} {ergonomic}
    uintx NonProfiledCodeHeapSize                  = 122909434                              {pd product} {ergonomic}
    uintx ProfiledCodeHeapSize                     = 122909434                              {pd product} {ergonomic}
    uintx ReservedCodeCacheSize                    = 251658240                              {pd product} {ergonomic}
     bool SegmentedCodeCache                       = true                                      {product} {ergonomic}
   size_t SoftMaxHeapSize                          = 3154116608                             {manageable} {ergonomic}
     bool UseCompressedClassPointers               = true                           {product lp64_product} {ergonomic}
     bool UseCompressedOops                        = true                           {product lp64_product} {ergonomic}
     bool UseG1GC                                  = true                                      {product} {ergonomic}
     bool UseLargePagesIndividualAllocation        = false                                  {pd product} {ergonomic}

Logging:
Log output configuration:
 #0: stdout all=warning uptime,level,tags foldmultilines=false
 #1: stderr all=off uptime,level,tags foldmultilines=false

Environment Variables:
JAVA_HOME=C:\Program Files\Java\jdk-18.0.2.1
PATH=C:\Program Files\Common Files\Oracle\Java\javapath;C:\Users\shams\forPython\Scripts\;C:\Users\shams\forPython\;C:\Program Files (x86)\Common Files\Oracle\Java\javapath;C:\WINDOWS\system32;C:\WINDOWS;C:\WINDOWS\System32\Wbem;C:\WINDOWS\System32\WindowsPowerShell\v1.0\;C:\WINDOWS\System32\OpenSSH\;C:\msys64\mingw64\bin;C:\Users\shams\flutter\bin;C:\softwares\commandlinetools-win-7583922_latest\cmdline-tools\bin;C:\softwares\sqldeveloper-21.2.1.204.1703-x64\sqldeveloper\jdbc\lib;C:\Program Files\dotnet\;C:\Users\shams\AppData\Local\Android\Sdk\platform-tools;C:\Program Files\Java\jdk-18.0.2.1\bin;C:\Program Files\Java\jdk-18.0.2.1;C:\Program Files\swipl\bin;C:\Program Files\Amazon\AWSCLIV2\;C:\Program Files\nodejs\;C:\Program Files\Graphviz\bin;C:\Program Files\Docker\Docker\resources\bin;C:\Program Files\Git\cmd;C:\Program Files\MySQL\MySQL Shell 8.0\bin\;C:\Users\shams\AppData\Local\Programs\Python\Python39\Scripts\;C:\Users\shams\AppData\Local\Programs\Python\Python39\;C:\Users\shams\AppData\Local\Microsoft\WindowsApps;C:\Program Files\JetBrains\IntelliJ IDEA Educational Edition 2021.3.1\bin;;C:\Program Files\JetBrains\DataGrip 2021.2.2\bin;;C:\Users\shams\AppData\Local\Programs\Microsoft VS Code\bin;C:\Program Files\JetBrains\PyCharm Community Edition 2021.2.3\bin;;C:\Users\shams\.dotnet\tools;C:\src\flutter\bin;C:\Users\shams\AppData\Roaming\npm;C:\Users\shams\AppData\Local\GitHubDesktop\bin;C:\Program Files\JetBrains\IntelliJ IDEA Community Edition 2022.3.2\bin;
USERNAME=shams
OS=Windows_NT
PROCESSOR_IDENTIFIER=Intel64 Family 6 Model 140 Stepping 1, GenuineIntel



---------------  S Y S T E M  ---------------

OS:
 Windows 11 , 64 bit Build 22621 (10.0.22621.1194)
OS uptime: 10 days 21:57 hours
Hyper-V role detected

CPU: total 8 (initial active 8) (4 cores per cpu, 2 threads per core) family 6 model 140 stepping 1 microcode 0xa4, cx8, cmov, fxsr, ht, mmx, 3dnowpref, sse, sse2, sse3, ssse3, sse4.1, sse4.2, popcnt, lzcnt, tsc, tscinvbit, avx, avx2, aes, erms, clmul, bmi1, bmi2, adx, avx512f, avx512dq, avx512cd, avx512bw, avx512vl, sha, fma, vzeroupper, avx512_vpopcntdq, avx512_vpclmulqdq, avx512_vaes, avx512_vnni, clflush, clflushopt, clwb, avx512_vbmi2, avx512_vbmi, hv

Memory: 4k page, system-wide physical 12026M (382M free)
TotalPageFile size 48890M (AvailPageFile size 196M)
current process WorkingSet (physical memory assigned to process): 316M, peak: 324M
current process commit charge ("private bytes"): 422M, peak: 429M

vm_info: Java HotSpot(TM) 64-Bit Server VM (18.0.2.1+1-1) for windows-amd64 JRE (18.0.2.1+1-1), built on Aug 16 2022 01:46:33 by "mach5one" with MS VC++ 16.8 / 16.9 (VS2019)

END.
